<?xml version="1.0" encoding="UTF-8"?>
<coverage generated="1768477139080" clover="3.2.0">
  <project timestamp="1768477139080" name="All files">
    <metrics statements="311" coveredstatements="256" conditionals="216" coveredconditionals="144" methods="79" coveredmethods="40" elements="606" coveredelements="440" complexity="0" loc="311" ncloc="311" packages="8" files="9" classes="9"/>
    <package name="controllers">
      <metrics statements="7" coveredstatements="7" conditionals="4" coveredconditionals="3" methods="2" coveredmethods="2"/>
      <file name="app.controller.ts" path="/Users/guljain/Desktop/Bright/src/controllers/app.controller.ts">
        <metrics statements="7" coveredstatements="7" conditionals="4" coveredconditionals="3" methods="2" coveredmethods="2"/>
        <line num="2" count="1" type="stmt"/>
        <line num="3" count="1" type="stmt"/>
        <line num="4" count="1" type="stmt"/>
        <line num="11" count="1" type="stmt"/>
        <line num="12" count="2" type="cond" truecount="3" falsecount="1"/>
        <line num="26" count="1" type="stmt"/>
        <line num="27" count="1" type="stmt"/>
      </file>
    </package>
    <package name="controllers.auth">
      <metrics statements="11" coveredstatements="11" conditionals="12" coveredconditionals="9" methods="3" coveredmethods="3"/>
      <file name="auth.controller.ts" path="/Users/guljain/Desktop/Bright/src/controllers/auth/auth.controller.ts">
        <metrics statements="11" coveredstatements="11" conditionals="12" coveredconditionals="9" methods="3" coveredmethods="3"/>
        <line num="2" count="1" type="stmt"/>
        <line num="3" count="1" type="stmt"/>
        <line num="4" count="1" type="stmt"/>
        <line num="5" count="1" type="stmt"/>
        <line num="6" count="1" type="stmt"/>
        <line num="14" count="1" type="stmt"/>
        <line num="15" count="3" type="cond" truecount="3" falsecount="1"/>
        <line num="32" count="1" type="cond" truecount="3" falsecount="1"/>
        <line num="33" count="1" type="stmt"/>
        <line num="52" count="1" type="cond" truecount="3" falsecount="1"/>
        <line num="53" count="2" type="stmt"/>
      </file>
    </package>
    <package name="controllers.user">
      <metrics statements="25" coveredstatements="21" conditionals="40" coveredconditionals="29" methods="4" coveredmethods="3"/>
      <file name="userDataIngestion.controller.ts" path="/Users/guljain/Desktop/Bright/src/controllers/user/userDataIngestion.controller.ts">
        <metrics statements="25" coveredstatements="21" conditionals="40" coveredconditionals="29" methods="4" coveredmethods="3"/>
        <line num="1" count="2" type="stmt"/>
        <line num="12" count="2" type="stmt"/>
        <line num="13" count="2" type="stmt"/>
        <line num="15" count="2" type="stmt"/>
        <line num="16" count="2" type="stmt"/>
        <line num="17" count="2" type="stmt"/>
        <line num="18" count="2" type="stmt"/>
        <line num="19" count="2" type="stmt"/>
        <line num="23" count="2" type="stmt"/>
        <line num="25" count="5" type="cond" truecount="3" falsecount="1"/>
        <line num="32" count="2" type="stmt"/>
        <line num="37" count="2" type="stmt"/>
        <line num="38" count="2" type="cond" truecount="4" falsecount="0"/>
        <line num="39" count="1" type="stmt"/>
        <line num="44" count="1" type="stmt"/>
        <line num="53" count="2" type="stmt"/>
        <line num="58" count="3" type="stmt"/>
        <line num="59" count="3" type="cond" truecount="4" falsecount="0"/>
        <line num="60" count="1" type="stmt"/>
        <line num="65" count="2" type="stmt"/>
        <line num="79" count="2" type="stmt"/>
        <line num="84" count="0" type="stmt"/>
        <line num="85" count="0" type="cond" truecount="0" falsecount="4"/>
        <line num="86" count="0" type="stmt"/>
        <line num="91" count="0" type="stmt"/>
      </file>
    </package>
    <package name="services">
      <metrics statements="3" coveredstatements="3" conditionals="0" coveredconditionals="0" methods="1" coveredmethods="1"/>
      <file name="app.service.ts" path="/Users/guljain/Desktop/Bright/src/services/app.service.ts">
        <metrics statements="3" coveredstatements="3" conditionals="0" coveredconditionals="0" methods="1" coveredmethods="1"/>
        <line num="1" count="1" type="stmt"/>
        <line num="4" count="1" type="stmt"/>
        <line num="6" count="1" type="stmt"/>
      </file>
    </package>
    <package name="services.auth">
      <metrics statements="29" coveredstatements="29" conditionals="14" coveredconditionals="12" methods="4" coveredmethods="4"/>
      <file name="auth.service.ts" path="/Users/guljain/Desktop/Bright/src/services/auth/auth.service.ts">
        <metrics statements="26" coveredstatements="26" conditionals="14" coveredconditionals="12" methods="4" coveredmethods="4"/>
        <line num="1" count="2" type="stmt"/>
        <line num="6" count="2" type="stmt"/>
        <line num="7" count="2" type="stmt"/>
        <line num="8" count="2" type="stmt"/>
        <line num="15" count="2" type="stmt"/>
        <line num="17" count="7" type="cond" truecount="6" falsecount="2"/>
        <line num="18" count="7" type="stmt"/>
        <line num="37" count="2" type="stmt"/>
        <line num="41" count="2" type="cond" truecount="2" falsecount="0"/>
        <line num="42" count="1" type="stmt"/>
        <line num="46" count="1" type="stmt"/>
        <line num="49" count="1" type="stmt"/>
        <line num="57" count="1" type="stmt"/>
        <line num="59" count="1" type="stmt"/>
        <line num="83" count="3" type="stmt"/>
        <line num="87" count="3" type="cond" truecount="2" falsecount="0"/>
        <line num="88" count="1" type="stmt"/>
        <line num="92" count="2" type="stmt"/>
        <line num="94" count="2" type="cond" truecount="2" falsecount="0"/>
        <line num="95" count="1" type="stmt"/>
        <line num="99" count="1" type="stmt"/>
        <line num="101" count="1" type="stmt"/>
        <line num="123" count="2" type="stmt"/>
        <line num="124" count="2" type="stmt"/>
        <line num="125" count="1" type="stmt"/>
        <line num="127" count="1" type="stmt"/>
      </file>
      <file name="jwt.guard.ts" path="/Users/guljain/Desktop/Bright/src/services/auth/jwt.guard.ts">
        <metrics statements="3" coveredstatements="3" conditionals="0" coveredconditionals="0" methods="0" coveredmethods="0"/>
        <line num="1" count="2" type="stmt"/>
        <line num="2" count="2" type="stmt"/>
        <line num="5" count="2" type="stmt"/>
      </file>
    </package>
    <package name="services.prisma">
      <metrics statements="5" coveredstatements="3" conditionals="0" coveredconditionals="0" methods="2" coveredmethods="0"/>
      <file name="prisma.service.ts" path="/Users/guljain/Desktop/Bright/src/services/prisma/prisma.service.ts">
        <metrics statements="5" coveredstatements="3" conditionals="0" coveredconditionals="0" methods="2" coveredmethods="0"/>
        <line num="1" count="7" type="stmt"/>
        <line num="2" count="7" type="stmt"/>
        <line num="5" count="7" type="stmt"/>
        <line num="10" count="0" type="stmt"/>
        <line num="14" count="0" type="stmt"/>
      </file>
    </package>
    <package name="services.user">
      <metrics statements="216" coveredstatements="169" conditionals="138" coveredconditionals="85" methods="60" coveredmethods="24"/>
      <file name="userDataIngestion.service.ts" path="/Users/guljain/Desktop/Bright/src/services/user/userDataIngestion.service.ts">
        <metrics statements="216" coveredstatements="169" conditionals="138" coveredconditionals="85" methods="60" coveredmethods="24"/>
        <line num="1" count="5" type="stmt"/>
        <line num="2" count="5" type="stmt"/>
        <line num="4" count="5" type="stmt"/>
        <line num="5" count="5" type="stmt"/>
        <line num="14" count="7" type="stmt"/>
        <line num="15" count="7" type="cond" truecount="4" falsecount="1"/>
        <line num="16" count="7" type="stmt"/>
        <line num="18" count="7" type="cond" truecount="2" falsecount="0"/>
        <line num="23" count="1" type="stmt"/>
        <line num="25" count="6" type="stmt"/>
        <line num="29" count="2" type="stmt"/>
        <line num="30" count="2" type="stmt"/>
        <line num="31" count="2" type="stmt"/>
        <line num="62" count="5" type="stmt"/>
        <line num="63" count="19" type="cond" truecount="3" falsecount="1"/>
        <line num="78" count="6" type="cond" truecount="2" falsecount="0"/>
        <line num="81" count="6" type="cond" truecount="7" falsecount="0"/>
        <line num="89" count="6" type="cond" truecount="2" falsecount="0"/>
        <line num="90" count="2" type="stmt"/>
        <line num="95" count="4" type="stmt"/>
        <line num="96" count="4" type="stmt"/>
        <line num="103" count="4" type="cond" truecount="1" falsecount="1"/>
        <line num="104" count="4" type="stmt"/>
        <line num="112" count="4" type="stmt"/>
        <line num="114" count="4" type="cond" truecount="2" falsecount="0"/>
        <line num="115" count="2" type="stmt"/>
        <line num="122" count="4" type="cond" truecount="2" falsecount="0"/>
        <line num="123" count="2" type="stmt"/>
        <line num="130" count="4" type="cond" truecount="2" falsecount="0"/>
        <line num="131" count="2" type="stmt"/>
        <line num="138" count="4" type="cond" truecount="2" falsecount="0"/>
        <line num="139" count="2" type="stmt"/>
        <line num="142" count="4" type="stmt"/>
        <line num="150" count="4" type="cond" truecount="2" falsecount="0"/>
        <line num="151" count="2" type="stmt"/>
        <line num="163" count="2" type="stmt"/>
        <line num="165" count="2" type="cond" truecount="1" falsecount="1"/>
        <line num="166" count="2" type="stmt"/>
        <line num="173" count="2" type="cond" truecount="1" falsecount="1"/>
        <line num="174" count="2" type="stmt"/>
        <line num="181" count="2" type="cond" truecount="1" falsecount="1"/>
        <line num="182" count="2" type="stmt"/>
        <line num="189" count="2" type="cond" truecount="1" falsecount="1"/>
        <line num="190" count="2" type="stmt"/>
        <line num="193" count="2" type="stmt"/>
        <line num="200" count="4" type="cond" truecount="2" falsecount="0"/>
        <line num="201" count="2" type="stmt"/>
        <line num="210" count="2" type="stmt"/>
        <line num="217" count="4" type="cond" truecount="1" falsecount="1"/>
        <line num="218" count="0" type="stmt"/>
        <line num="227" count="0" type="stmt"/>
        <line num="234" count="4" type="cond" truecount="1" falsecount="1"/>
        <line num="235" count="0" type="stmt"/>
        <line num="243" count="0" type="stmt"/>
        <line num="245" count="0" type="cond" truecount="0" falsecount="2"/>
        <line num="246" count="0" type="stmt"/>
        <line num="253" count="0" type="cond" truecount="0" falsecount="2"/>
        <line num="254" count="0" type="stmt"/>
        <line num="261" count="0" type="cond" truecount="0" falsecount="2"/>
        <line num="262" count="0" type="stmt"/>
        <line num="269" count="0" type="cond" truecount="0" falsecount="2"/>
        <line num="270" count="0" type="stmt"/>
        <line num="273" count="0" type="stmt"/>
        <line num="280" count="4" type="cond" truecount="1" falsecount="1"/>
        <line num="281" count="0" type="stmt"/>
        <line num="289" count="0" type="stmt"/>
        <line num="296" count="4" type="cond" truecount="1" falsecount="1"/>
        <line num="297" count="0" type="stmt"/>
        <line num="305" count="0" type="stmt"/>
        <line num="309" count="4" type="stmt"/>
        <line num="311" count="4" type="stmt"/>
        <line num="331" count="11" type="stmt"/>
        <line num="332" count="11" type="stmt"/>
        <line num="333" count="11" type="stmt"/>
        <line num="336" count="11" type="stmt"/>
        <line num="370" count="11" type="stmt"/>
        <line num="372" count="11" type="stmt"/>
        <line num="373" count="327" type="stmt"/>
        <line num="374" count="327" type="stmt"/>
        <line num="375" count="327" type="cond" truecount="2" falsecount="0"/>
        <line num="377" count="309" type="stmt"/>
        <line num="378" count="309" type="stmt"/>
        <line num="379" count="309" type="stmt"/>
        <line num="383" count="11" type="stmt"/>
        <line num="384" count="6" type="stmt"/>
        <line num="385" count="6" type="stmt"/>
        <line num="387" count="6" type="stmt"/>
        <line num="388" count="12" type="cond" truecount="2" falsecount="0"/>
        <line num="389" count="12" type="cond" truecount="2" falsecount="0"/>
        <line num="390" count="12" type="cond" truecount="2" falsecount="0"/>
        <line num="393" count="6" type="stmt"/>
        <line num="397" count="11" type="stmt"/>
        <line num="398" count="3" type="stmt"/>
        <line num="399" count="3" type="stmt"/>
        <line num="401" count="3" type="stmt"/>
        <line num="402" count="9" type="cond" truecount="2" falsecount="0"/>
        <line num="403" count="9" type="cond" truecount="2" falsecount="0"/>
        <line num="404" count="9" type="cond" truecount="2" falsecount="0"/>
        <line num="407" count="3" type="stmt"/>
        <line num="411" count="11" type="stmt"/>
        <line num="412" count="306" type="stmt"/>
        <line num="413" count="306" type="stmt"/>
        <line num="417" count="11" type="stmt"/>
        <line num="418" count="3" type="stmt"/>
        <line num="419" count="3" type="stmt"/>
        <line num="423" count="11" type="stmt"/>
        <line num="424" count="3" type="stmt"/>
        <line num="425" count="3" type="stmt"/>
        <line num="427" count="3" type="stmt"/>
        <line num="428" count="9" type="cond" truecount="2" falsecount="0"/>
        <line num="429" count="9" type="cond" truecount="2" falsecount="0"/>
        <line num="430" count="9" type="cond" truecount="2" falsecount="0"/>
        <line num="433" count="3" type="stmt"/>
        <line num="437" count="11" type="stmt"/>
        <line num="438" count="3" type="stmt"/>
        <line num="439" count="3" type="stmt"/>
        <line num="443" count="11" type="stmt"/>
        <line num="444" count="3" type="stmt"/>
        <line num="445" count="3" type="stmt"/>
        <line num="448" count="11" type="stmt"/>
        <line num="450" count="298" type="stmt"/>
        <line num="453" count="11" type="stmt"/>
        <line num="454" count="11" type="stmt"/>
        <line num="456" count="11" type="stmt"/>
        <line num="476" count="4" type="stmt"/>
        <line num="480" count="4" type="stmt"/>
        <line num="510" count="4" type="stmt"/>
        <line num="511" count="4" type="stmt"/>
        <line num="513" count="0" type="stmt"/>
        <line num="514" count="0" type="stmt"/>
        <line num="516" count="4" type="stmt"/>
        <line num="518" count="0" type="stmt"/>
        <line num="519" count="0" type="stmt"/>
        <line num="521" count="4" type="stmt"/>
        <line num="523" count="0" type="stmt"/>
        <line num="524" count="0" type="stmt"/>
        <line num="528" count="4" type="stmt"/>
        <line num="529" count="0" type="stmt"/>
        <line num="530" count="0" type="cond" truecount="0" falsecount="2"/>
        <line num="531" count="4" type="cond" truecount="1" falsecount="1"/>
        <line num="535" count="4" type="stmt"/>
        <line num="536" count="4" type="stmt"/>
        <line num="537" count="0" type="stmt"/>
        <line num="539" count="4" type="stmt"/>
        <line num="540" count="0" type="stmt"/>
        <line num="542" count="4" type="stmt"/>
        <line num="544" count="0" type="stmt"/>
        <line num="545" count="0" type="stmt"/>
        <line num="549" count="4" type="stmt"/>
        <line num="550" count="0" type="stmt"/>
        <line num="551" count="0" type="cond" truecount="0" falsecount="2"/>
        <line num="552" count="4" type="stmt"/>
        <line num="553" count="0" type="stmt"/>
        <line num="554" count="0" type="cond" truecount="0" falsecount="2"/>
        <line num="556" count="4" type="stmt"/>
        <line num="557" count="4" type="stmt"/>
        <line num="560" count="4" type="stmt"/>
        <line num="561" count="0" type="stmt"/>
        <line num="562" count="0" type="cond" truecount="0" falsecount="2"/>
        <line num="563" count="4" type="stmt"/>
        <line num="564" count="0" type="stmt"/>
        <line num="565" count="0" type="stmt"/>
        <line num="566" count="0" type="cond" truecount="0" falsecount="2"/>
        <line num="568" count="4" type="stmt"/>
        <line num="569" count="4" type="stmt"/>
        <line num="572" count="4" type="stmt"/>
        <line num="573" count="4" type="stmt"/>
        <line num="575" count="0" type="stmt"/>
        <line num="576" count="0" type="stmt"/>
        <line num="578" count="4" type="stmt"/>
        <line num="580" count="0" type="stmt"/>
        <line num="581" count="0" type="stmt"/>
        <line num="583" count="4" type="stmt"/>
        <line num="585" count="0" type="stmt"/>
        <line num="586" count="0" type="stmt"/>
        <line num="590" count="4" type="stmt"/>
        <line num="592" count="0" type="stmt"/>
        <line num="593" count="0" type="cond" truecount="0" falsecount="2"/>
        <line num="597" count="4" type="cond" truecount="1" falsecount="3"/>
        <line num="600" count="4" type="stmt"/>
        <line num="603" count="4" type="stmt"/>
        <line num="660" count="4" type="stmt"/>
        <line num="661" count="4" type="stmt"/>
        <line num="662" count="3" type="stmt"/>
        <line num="664" count="1" type="stmt"/>
        <line num="667" count="3" type="cond" truecount="2" falsecount="0"/>
        <line num="668" count="1" type="stmt"/>
        <line num="672" count="2" type="stmt"/>
        <line num="674" count="2" type="stmt"/>
        <line num="682" count="3" type="cond" truecount="1" falsecount="1"/>
        <line num="685" count="2" type="stmt"/>
        <line num="686" count="3" type="stmt"/>
        <line num="687" count="3" type="stmt"/>
        <line num="688" count="2" type="stmt"/>
        <line num="690" count="3" type="cond" truecount="3" falsecount="0"/>
        <line num="696" count="2" type="cond" truecount="2" falsecount="0"/>
        <line num="697" count="2" type="stmt"/>
        <line num="701" count="2" type="stmt"/>
        <line num="702" count="3" type="stmt"/>
        <line num="703" count="3" type="cond" truecount="2" falsecount="0"/>
        <line num="706" count="2" type="cond" truecount="2" falsecount="0"/>
        <line num="707" count="2" type="stmt"/>
        <line num="712" count="2" type="stmt"/>
        <line num="713" count="3" type="cond" truecount="1" falsecount="1"/>
        <line num="716" count="2" type="stmt"/>
        <line num="717" count="3" type="cond" truecount="1" falsecount="1"/>
        <line num="720" count="2" type="stmt"/>
        <line num="721" count="3" type="cond" truecount="1" falsecount="1"/>
        <line num="725" count="2" type="stmt"/>
        <line num="744" count="4" type="stmt"/>
        <line num="747" count="4" type="stmt"/>
        <line num="748" count="4" type="stmt"/>
        <line num="749" count="4" type="stmt"/>
        <line num="753" count="16" type="cond" truecount="1" falsecount="1"/>
        <line num="754" count="0" type="stmt"/>
        <line num="758" count="40" type="stmt"/>
      </file>
    </package>
    <package name="utils">
      <metrics statements="15" coveredstatements="13" conditionals="8" coveredconditionals="6" methods="3" coveredmethods="3"/>
      <file name="dateRange.util.ts" path="/Users/guljain/Desktop/Bright/src/utils/dateRange.util.ts">
        <metrics statements="15" coveredstatements="13" conditionals="8" coveredconditionals="6" methods="3" coveredmethods="3"/>
        <line num="1" count="5" type="stmt"/>
        <line num="3" count="5" type="stmt"/>
        <line num="4" count="66" type="stmt"/>
        <line num="5" count="22" type="stmt"/>
        <line num="7" count="22" type="cond" truecount="1" falsecount="1"/>
        <line num="13" count="0" type="stmt"/>
        <line num="16" count="22" type="stmt"/>
        <line num="23" count="5" type="stmt"/>
        <line num="27" count="11" type="stmt"/>
        <line num="28" count="11" type="stmt"/>
        <line num="30" count="11" type="stmt"/>
        <line num="31" count="11" type="stmt"/>
        <line num="33" count="11" type="cond" truecount="1" falsecount="1"/>
        <line num="34" count="0" type="stmt"/>
        <line num="37" count="11" type="stmt"/>
      </file>
    </package>
  </project>
</coverage>
