{"/Users/guljain/Desktop/Bright/src/main.ts": {"path":"/Users/guljain/Desktop/Bright/src/main.ts","statementMap":{"0":{"start":{"line":1,"column":0},"end":{"line":1,"column":43}},"1":{"start":{"line":2,"column":0},"end":{"line":2,"column":48}},"2":{"start":{"line":3,"column":0},"end":{"line":3,"column":65}},"3":{"start":{"line":5,"column":0},"end":{"line":5,"column":49}},"4":{"start":{"line":7,"column":14},"end":{"line":7,"column":49}},"5":{"start":{"line":9,"column":2},"end":{"line":15,"column":4}},"6":{"start":{"line":17,"column":17},"end":{"line":22,"column":12}},"7":{"start":{"line":24,"column":19},"end":{"line":24,"column":60}},"8":{"start":{"line":25,"column":2},"end":{"line":25,"column":45}},"9":{"start":{"line":27,"column":2},"end":{"line":27,"column":45}},"10":{"start":{"line":29,"column":0},"end":{"line":29,"column":12}}},"fnMap":{"0":{"name":"bootstrap","decl":{"start":{"line":6,"column":15},"end":{"line":6,"column":24}},"loc":{"start":{"line":6,"column":24},"end":{"line":28,"column":1}}}},"branchMap":{"0":{"loc":{"start":{"line":27,"column":19},"end":{"line":27,"column":43}},"type":"binary-expr","locations":[{"start":{"line":27,"column":19},"end":{"line":27,"column":35}},{"start":{"line":27,"column":39},"end":{"line":27,"column":43}}]}},"s":{"0":0,"1":0,"2":0,"3":0,"4":0,"5":0,"6":0,"7":0,"8":0,"9":0,"10":0},"f":{"0":0},"b":{"0":[0,0]}}
,"/Users/guljain/Desktop/Bright/src/controllers/app.controller.ts": {"path":"/Users/guljain/Desktop/Bright/src/controllers/app.controller.ts","statementMap":{"0":{"start":{"line":1,"column":0},"end":{"line":1,"column":49}},"1":{"start":{"line":2,"column":0},"end":{"line":2,"column":53}},"2":{"start":{"line":5,"column":7},"end":{"line":12,"column":null}},"3":{"start":{"line":6,"column":31},"end":{"line":6,"column":43}},"4":{"start":{"line":10,"column":4},"end":{"line":10,"column":38}},"5":{"start":{"line":5,"column":13},"end":{"line":5,"column":26}},"6":{"start":{"line":9,"column":2},"end":{"line":11,"column":null}},"7":{"start":{"line":5,"column":13},"end":{"line":12,"column":null}}},"fnMap":{"0":{"name":"(anonymous_2)","decl":{"start":{"line":6,"column":2},"end":{"line":6,"column":31}},"loc":{"start":{"line":6,"column":53},"end":{"line":6,"column":57}}},"1":{"name":"(anonymous_3)","decl":{"start":{"line":9,"column":2},"end":{"line":9,"column":10}},"loc":{"start":{"line":9,"column":10},"end":{"line":11,"column":3}}}},"branchMap":{"0":{"loc":{"start":{"line":6,"column":43},"end":{"line":6,"column":56}},"type":"cond-expr","locations":[{"start":{"line":6,"column":53},"end":{"line":6,"column":56}},{"start":{"line":6,"column":53},"end":{"line":6,"column":56}}]},"1":{"loc":{"start":{"line":6,"column":43},"end":{"line":6,"column":53}},"type":"binary-expr","locations":[{"start":{"line":6,"column":43},"end":{"line":6,"column":56}},{"start":{"line":6,"column":43},"end":{"line":6,"column":53}}]}},"s":{"0":1,"1":1,"2":1,"3":2,"4":1,"5":1,"6":1,"7":1},"f":{"0":2,"1":1},"b":{"0":[1,0],"1":[1,1]}}
,"/Users/guljain/Desktop/Bright/src/controllers/auth/auth.controller.ts": {"path":"/Users/guljain/Desktop/Bright/src/controllers/auth/auth.controller.ts","statementMap":{"0":{"start":{"line":1,"column":0},"end":{"line":1,"column":66}},"1":{"start":{"line":2,"column":0},"end":{"line":2,"column":63}},"2":{"start":{"line":3,"column":0},"end":{"line":3,"column":56}},"3":{"start":{"line":4,"column":0},"end":{"line":4,"column":59}},"4":{"start":{"line":5,"column":0},"end":{"line":5,"column":53}},"5":{"start":{"line":9,"column":7},"end":{"line":24,"column":null}},"6":{"start":{"line":10,"column":22},"end":{"line":10,"column":35}},"7":{"start":{"line":15,"column":4},"end":{"line":15,"column":62}},"8":{"start":{"line":22,"column":4},"end":{"line":22,"column":59}},"9":{"start":{"line":9,"column":13},"end":{"line":9,"column":27}},"10":{"start":{"line":14,"column":2},"end":{"line":16,"column":null}},"11":{"start":{"line":21,"column":2},"end":{"line":23,"column":null}},"12":{"start":{"line":9,"column":13},"end":{"line":24,"column":null}}},"fnMap":{"0":{"name":"(anonymous_4)","decl":{"start":{"line":10,"column":2},"end":{"line":10,"column":22}},"loc":{"start":{"line":10,"column":46},"end":{"line":10,"column":50}}},"1":{"name":"(anonymous_5)","decl":{"start":{"line":14,"column":2},"end":{"line":14,"column":10}},"loc":{"start":{"line":14,"column":35},"end":{"line":16,"column":3}}},"2":{"name":"(anonymous_6)","decl":{"start":{"line":21,"column":2},"end":{"line":21,"column":7}},"loc":{"start":{"line":21,"column":29},"end":{"line":23,"column":3}}}},"branchMap":{"0":{"loc":{"start":{"line":14,"column":24},"end":{"line":14,"column":null}},"type":"cond-expr","locations":[{"start":{"line":14,"column":35},"end":{"line":14,"column":null}},{"start":{"line":14,"column":35},"end":{"line":14,"column":null}}]},"1":{"loc":{"start":{"line":14,"column":24},"end":{"line":14,"column":35}},"type":"binary-expr","locations":[{"start":{"line":14,"column":24},"end":{"line":14,"column":null}},{"start":{"line":14,"column":24},"end":{"line":14,"column":35}}]},"2":{"loc":{"start":{"line":21,"column":21},"end":{"line":21,"column":null}},"type":"cond-expr","locations":[{"start":{"line":21,"column":29},"end":{"line":21,"column":null}},{"start":{"line":21,"column":29},"end":{"line":21,"column":null}}]},"3":{"loc":{"start":{"line":21,"column":21},"end":{"line":21,"column":29}},"type":"binary-expr","locations":[{"start":{"line":21,"column":21},"end":{"line":21,"column":null}},{"start":{"line":21,"column":21},"end":{"line":21,"column":29}}]},"4":{"loc":{"start":{"line":10,"column":35},"end":{"line":10,"column":49}},"type":"cond-expr","locations":[{"start":{"line":10,"column":46},"end":{"line":10,"column":49}},{"start":{"line":10,"column":46},"end":{"line":10,"column":49}}]},"5":{"loc":{"start":{"line":10,"column":35},"end":{"line":10,"column":46}},"type":"binary-expr","locations":[{"start":{"line":10,"column":35},"end":{"line":10,"column":49}},{"start":{"line":10,"column":35},"end":{"line":10,"column":46}}]}},"s":{"0":1,"1":1,"2":1,"3":1,"4":1,"5":1,"6":3,"7":1,"8":2,"9":1,"10":1,"11":1,"12":1},"f":{"0":3,"1":1,"2":2},"b":{"0":[1,0],"1":[1,1],"2":[1,0],"3":[1,1],"4":[1,0],"5":[1,1]}}
,"/Users/guljain/Desktop/Bright/src/controllers/user/userDataIngestion.controller.ts": {"path":"/Users/guljain/Desktop/Bright/src/controllers/user/userDataIngestion.controller.ts","statementMap":{"0":{"start":{"line":1,"column":0},"end":{"line":1,"column":99}},"1":{"start":{"line":2,"column":0},"end":{"line":2,"column":71}},"2":{"start":{"line":3,"column":0},"end":{"line":3,"column":30}},"3":{"start":{"line":5,"column":0},"end":{"line":5,"column":61}},"4":{"start":{"line":6,"column":0},"end":{"line":6,"column":89}},"5":{"start":{"line":7,"column":0},"end":{"line":7,"column":72}},"6":{"start":{"line":11,"column":7},"end":{"line":30,"column":null}},"7":{"start":{"line":12,"column":31},"end":{"line":12,"column":57}},"8":{"start":{"line":23,"column":24},"end":{"line":23,"column":48}},"9":{"start":{"line":24,"column":4},"end":{"line":26,"column":5}},"10":{"start":{"line":25,"column":6},"end":{"line":25,"column":83}},"11":{"start":{"line":28,"column":4},"end":{"line":28,"column":71}},"12":{"start":{"line":11,"column":13},"end":{"line":11,"column":40}},"13":{"start":{"line":18,"column":2},"end":{"line":29,"column":null}},"14":{"start":{"line":11,"column":13},"end":{"line":30,"column":null}}},"fnMap":{"0":{"name":"(anonymous_5)","decl":{"start":{"line":12,"column":2},"end":{"line":12,"column":31}},"loc":{"start":{"line":12,"column":81},"end":{"line":12,"column":85}}},"1":{"name":"(anonymous_6)","decl":{"start":{"line":18,"column":2},"end":{"line":18,"column":14}},"loc":{"start":{"line":21,"column":31},"end":{"line":29,"column":3}}}},"branchMap":{"0":{"loc":{"start":{"line":24,"column":4},"end":{"line":26,"column":5}},"type":"if","locations":[{"start":{"line":24,"column":4},"end":{"line":26,"column":5}},{"start":{},"end":{}}]},"1":{"loc":{"start":{"line":24,"column":8},"end":{"line":24,"column":44}},"type":"binary-expr","locations":[{"start":{"line":24,"column":8},"end":{"line":24,"column":19}},{"start":{"line":24,"column":23},"end":{"line":24,"column":44}}]},"2":{"loc":{"start":{"line":20,"column":17},"end":{"line":20,"column":null}},"type":"cond-expr","locations":[{"start":{"line":20,"column":32},"end":{"line":20,"column":null}},{"start":{"line":20,"column":32},"end":{"line":20,"column":null}}]},"3":{"loc":{"start":{"line":20,"column":17},"end":{"line":20,"column":32}},"type":"binary-expr","locations":[{"start":{"line":20,"column":17},"end":{"line":20,"column":null}},{"start":{"line":20,"column":17},"end":{"line":20,"column":32}}]},"4":{"loc":{"start":{"line":20,"column":32},"end":{"line":21,"column":null}},"type":"cond-expr","locations":[{"start":{"line":21,"column":31},"end":{"line":21,"column":null}},{"start":{"line":21,"column":31},"end":{"line":21,"column":null}}]},"5":{"loc":{"start":{"line":20,"column":32},"end":{"line":21,"column":31}},"type":"binary-expr","locations":[{"start":{"line":20,"column":32},"end":{"line":21,"column":24}},{"start":{"line":21,"column":16},"end":{"line":21,"column":31}}]},"6":{"loc":{"start":{"line":12,"column":57},"end":{"line":12,"column":84}},"type":"cond-expr","locations":[{"start":{"line":12,"column":81},"end":{"line":12,"column":84}},{"start":{"line":12,"column":81},"end":{"line":12,"column":84}}]},"7":{"loc":{"start":{"line":12,"column":57},"end":{"line":12,"column":81}},"type":"binary-expr","locations":[{"start":{"line":12,"column":57},"end":{"line":12,"column":84}},{"start":{"line":12,"column":57},"end":{"line":12,"column":81}}]}},"s":{"0":1,"1":1,"2":1,"3":1,"4":1,"5":1,"6":1,"7":2,"8":2,"9":2,"10":1,"11":1,"12":1,"13":1,"14":1},"f":{"0":2,"1":2},"b":{"0":[1,1],"1":[2,2],"2":[1,0],"3":[1,1],"4":[0,1],"5":[1,1],"6":[1,0],"7":[1,1]}}
,"/Users/guljain/Desktop/Bright/src/dtos/auth/login.dto.ts": {"path":"/Users/guljain/Desktop/Bright/src/dtos/auth/login.dto.ts","statementMap":{"0":{"start":{"line":1,"column":0},"end":{"line":1,"column":46}},"1":{"start":{"line":2,"column":0},"end":{"line":2,"column":64}},"2":{"start":{"line":4,"column":0},"end":{"line":4,"column":13}},"3":{"start":{"line":11,"column":2},"end":{"line":11,"column":null}},"4":{"start":{"line":19,"column":2},"end":{"line":19,"column":null}}},"fnMap":{},"branchMap":{},"s":{"0":1,"1":1,"2":1,"3":1,"4":1},"f":{},"b":{}}
,"/Users/guljain/Desktop/Bright/src/dtos/auth/register.dto.ts": {"path":"/Users/guljain/Desktop/Bright/src/dtos/auth/register.dto.ts","statementMap":{"0":{"start":{"line":1,"column":0},"end":{"line":1,"column":46}},"1":{"start":{"line":2,"column":0},"end":{"line":2,"column":75}},"2":{"start":{"line":4,"column":0},"end":{"line":4,"column":13}},"3":{"start":{"line":11,"column":2},"end":{"line":11,"column":null}},"4":{"start":{"line":21,"column":2},"end":{"line":21,"column":null}}},"fnMap":{},"branchMap":{},"s":{"0":1,"1":1,"2":1,"3":1,"4":1},"f":{},"b":{}}
,"/Users/guljain/Desktop/Bright/src/dtos/user/userDataIngestion.dto.ts": {"path":"/Users/guljain/Desktop/Bright/src/dtos/user/userDataIngestion.dto.ts","statementMap":{"0":{"start":{"line":1,"column":0},"end":{"line":1,"column":54}},"1":{"start":{"line":2,"column":0},"end":{"line":2,"column":null}},"2":{"start":{"line":11,"column":0},"end":{"line":11,"column":41}},"3":{"start":{"line":14,"column":56},"end":{"line":14,"column":null}},"4":{"start":{"line":15,"column":56},"end":{"line":15,"column":null}},"5":{"start":{"line":16,"column":56},"end":{"line":16,"column":null}},"6":{"start":{"line":20,"column":59},"end":{"line":20,"column":null}},"7":{"start":{"line":21,"column":59},"end":{"line":21,"column":null}},"8":{"start":{"line":22,"column":59},"end":{"line":22,"column":null}},"9":{"start":{"line":23,"column":59},"end":{"line":23,"column":null}},"10":{"start":{"line":27,"column":59},"end":{"line":27,"column":null}},"11":{"start":{"line":28,"column":56},"end":{"line":28,"column":null}},"12":{"start":{"line":32,"column":56},"end":{"line":32,"column":null}},"13":{"start":{"line":33,"column":52},"end":{"line":33,"column":null}},"14":{"start":{"line":37,"column":59},"end":{"line":37,"column":null}},"15":{"start":{"line":38,"column":59},"end":{"line":38,"column":null}},"16":{"start":{"line":39,"column":59},"end":{"line":39,"column":null}},"17":{"start":{"line":43,"column":59},"end":{"line":43,"column":null}},"18":{"start":{"line":47,"column":59},"end":{"line":47,"column":null}},"19":{"start":{"line":50,"column":0},"end":{"line":50,"column":13}},"20":{"start":{"line":54,"column":2},"end":{"line":54,"column":null}},"21":{"start":{"line":60,"column":2},"end":{"line":60,"column":null}},"22":{"start":{"line":59,"column":14},"end":{"line":59,"column":25}},"23":{"start":{"line":66,"column":2},"end":{"line":66,"column":null}},"24":{"start":{"line":65,"column":14},"end":{"line":65,"column":21}},"25":{"start":{"line":72,"column":2},"end":{"line":72,"column":null}},"26":{"start":{"line":71,"column":14},"end":{"line":71,"column":22}},"27":{"start":{"line":78,"column":2},"end":{"line":78,"column":null}},"28":{"start":{"line":77,"column":14},"end":{"line":77,"column":22}},"29":{"start":{"line":84,"column":2},"end":{"line":84,"column":null}},"30":{"start":{"line":83,"column":14},"end":{"line":83,"column":23}},"31":{"start":{"line":90,"column":2},"end":{"line":90,"column":null}},"32":{"start":{"line":89,"column":14},"end":{"line":89,"column":26}},"33":{"start":{"line":96,"column":2},"end":{"line":96,"column":null}},"34":{"start":{"line":95,"column":14},"end":{"line":95,"column":23}}},"fnMap":{"0":{"name":"(anonymous_2)","decl":{"start":{"line":59,"column":8},"end":{"line":59,"column":11}},"loc":{"start":{"line":59,"column":14},"end":{"line":59,"column":25}}},"1":{"name":"(anonymous_3)","decl":{"start":{"line":65,"column":8},"end":{"line":65,"column":11}},"loc":{"start":{"line":65,"column":14},"end":{"line":65,"column":21}}},"2":{"name":"(anonymous_4)","decl":{"start":{"line":71,"column":8},"end":{"line":71,"column":11}},"loc":{"start":{"line":71,"column":14},"end":{"line":71,"column":22}}},"3":{"name":"(anonymous_5)","decl":{"start":{"line":77,"column":8},"end":{"line":77,"column":11}},"loc":{"start":{"line":77,"column":14},"end":{"line":77,"column":22}}},"4":{"name":"(anonymous_6)","decl":{"start":{"line":83,"column":8},"end":{"line":83,"column":11}},"loc":{"start":{"line":83,"column":14},"end":{"line":83,"column":23}}},"5":{"name":"(anonymous_7)","decl":{"start":{"line":89,"column":8},"end":{"line":89,"column":11}},"loc":{"start":{"line":89,"column":14},"end":{"line":89,"column":26}}},"6":{"name":"(anonymous_8)","decl":{"start":{"line":95,"column":8},"end":{"line":95,"column":11}},"loc":{"start":{"line":95,"column":14},"end":{"line":95,"column":23}}}},"branchMap":{},"s":{"0":1,"1":1,"2":1,"3":1,"4":1,"5":1,"6":1,"7":1,"8":1,"9":1,"10":1,"11":1,"12":1,"13":1,"14":1,"15":1,"16":1,"17":1,"18":1,"19":1,"20":1,"21":1,"22":0,"23":1,"24":0,"25":1,"26":0,"27":1,"28":0,"29":1,"30":0,"31":1,"32":0,"33":1,"34":0},"f":{"0":0,"1":0,"2":0,"3":0,"4":0,"5":0,"6":0},"b":{}}
,"/Users/guljain/Desktop/Bright/src/modules/app.module.ts": {"path":"/Users/guljain/Desktop/Bright/src/modules/app.module.ts","statementMap":{"0":{"start":{"line":1,"column":0},"end":{"line":1,"column":40}},"1":{"start":{"line":2,"column":0},"end":{"line":2,"column":46}},"2":{"start":{"line":3,"column":0},"end":{"line":3,"column":68}},"3":{"start":{"line":4,"column":0},"end":{"line":4,"column":41}},"4":{"start":{"line":6,"column":0},"end":{"line":6,"column":54}},"5":{"start":{"line":7,"column":0},"end":{"line":7,"column":48}},"6":{"start":{"line":8,"column":0},"end":{"line":8,"column":74}},"7":{"start":{"line":27,"column":7},"end":{"line":27,"column":null}},"8":{"start":{"line":27,"column":13},"end":{"line":27,"column":22}},"9":{"start":{"line":27,"column":13},"end":{"line":27,"column":null}}},"fnMap":{},"branchMap":{},"s":{"0":0,"1":0,"2":0,"3":0,"4":0,"5":0,"6":0,"7":0,"8":0,"9":0},"f":{},"b":{}}
,"/Users/guljain/Desktop/Bright/src/modules/auth/auth.module.ts": {"path":"/Users/guljain/Desktop/Bright/src/modules/auth/auth.module.ts","statementMap":{"0":{"start":{"line":1,"column":0},"end":{"line":1,"column":40}},"1":{"start":{"line":2,"column":0},"end":{"line":2,"column":40}},"2":{"start":{"line":3,"column":0},"end":{"line":3,"column":50}},"3":{"start":{"line":4,"column":0},"end":{"line":4,"column":47}},"4":{"start":{"line":5,"column":0},"end":{"line":5,"column":63}},"5":{"start":{"line":6,"column":0},"end":{"line":6,"column":72}},"6":{"start":{"line":7,"column":0},"end":{"line":7,"column":63}},"7":{"start":{"line":8,"column":0},"end":{"line":8,"column":61}},"8":{"start":{"line":9,"column":0},"end":{"line":9,"column":55}},"9":{"start":{"line":27,"column":7},"end":{"line":27,"column":null}},"10":{"start":{"line":27,"column":13},"end":{"line":27,"column":23}},"11":{"start":{"line":27,"column":13},"end":{"line":27,"column":null}},"12":{"start":{"line":17,"column":46},"end":{"line":20,"column":8}}},"fnMap":{"0":{"name":"(anonymous_1)","decl":{"start":{"line":17,"column":18},"end":{"line":17,"column":19}},"loc":{"start":{"line":17,"column":46},"end":{"line":20,"column":8}}}},"branchMap":{"0":{"loc":{"start":{"line":18,"column":16},"end":{"line":18,"column":69}},"type":"binary-expr","locations":[{"start":{"line":18,"column":16},"end":{"line":18,"column":48}},{"start":{"line":18,"column":52},"end":{"line":18,"column":69}}]}},"s":{"0":0,"1":0,"2":0,"3":0,"4":0,"5":0,"6":0,"7":0,"8":0,"9":0,"10":0,"11":0,"12":0},"f":{"0":0},"b":{"0":[0,0]}}
,"/Users/guljain/Desktop/Bright/src/modules/prisma/prisma.module.ts": {"path":"/Users/guljain/Desktop/Bright/src/modules/prisma/prisma.module.ts","statementMap":{"0":{"start":{"line":1,"column":0},"end":{"line":1,"column":40}},"1":{"start":{"line":2,"column":0},"end":{"line":2,"column":69}},"2":{"start":{"line":8,"column":7},"end":{"line":8,"column":null}},"3":{"start":{"line":8,"column":13},"end":{"line":8,"column":25}},"4":{"start":{"line":8,"column":13},"end":{"line":8,"column":null}}},"fnMap":{},"branchMap":{},"s":{"0":0,"1":0,"2":0,"3":0,"4":0},"f":{},"b":{}}
,"/Users/guljain/Desktop/Bright/src/modules/user/userDataIngestion.module.ts": {"path":"/Users/guljain/Desktop/Bright/src/modules/user/userDataIngestion.module.ts","statementMap":{"0":{"start":{"line":1,"column":0},"end":{"line":1,"column":40}},"1":{"start":{"line":2,"column":0},"end":{"line":2,"column":98}},"2":{"start":{"line":3,"column":0},"end":{"line":3,"column":89}},"3":{"start":{"line":4,"column":0},"end":{"line":4,"column":55}},"4":{"start":{"line":11,"column":7},"end":{"line":11,"column":null}},"5":{"start":{"line":11,"column":13},"end":{"line":11,"column":36}},"6":{"start":{"line":11,"column":13},"end":{"line":11,"column":null}}},"fnMap":{},"branchMap":{},"s":{"0":0,"1":0,"2":0,"3":0,"4":0,"5":0,"6":0},"f":{},"b":{}}
,"/Users/guljain/Desktop/Bright/src/services/app.service.ts": {"path":"/Users/guljain/Desktop/Bright/src/services/app.service.ts","statementMap":{"0":{"start":{"line":1,"column":0},"end":{"line":1,"column":44}},"1":{"start":{"line":4,"column":7},"end":{"line":8,"column":null}},"2":{"start":{"line":6,"column":4},"end":{"line":6,"column":26}},"3":{"start":{"line":4,"column":13},"end":{"line":4,"column":23}},"4":{"start":{"line":4,"column":13},"end":{"line":8,"column":null}}},"fnMap":{"0":{"name":"(anonymous_1)","decl":{"start":{"line":5,"column":2},"end":{"line":5,"column":10}},"loc":{"start":{"line":5,"column":10},"end":{"line":7,"column":3}}}},"branchMap":{},"s":{"0":1,"1":1,"2":1,"3":1,"4":1},"f":{"0":1},"b":{}}
,"/Users/guljain/Desktop/Bright/src/services/auth/auth.service.ts": {"path":"/Users/guljain/Desktop/Bright/src/services/auth/auth.service.ts","statementMap":{"0":{"start":{"line":1,"column":0},"end":{"line":1,"column":88}},"1":{"start":{"line":2,"column":0},"end":{"line":2,"column":41}},"2":{"start":{"line":3,"column":0},"end":{"line":3,"column":57}},"3":{"start":{"line":4,"column":0},"end":{"line":4,"column":33}},"4":{"start":{"line":11,"column":7},"end":{"line":126,"column":null}},"5":{"start":{"line":13,"column":12},"end":{"line":13,"column":20}},"6":{"start":{"line":14,"column":12},"end":{"line":14,"column":24}},"7":{"start":{"line":33,"column":25},"end":{"line":35,"column":6}},"8":{"start":{"line":37,"column":4},"end":{"line":39,"column":5}},"9":{"start":{"line":38,"column":6},"end":{"line":38,"column":59}},"10":{"start":{"line":42,"column":25},"end":{"line":42,"column":56}},"11":{"start":{"line":45,"column":17},"end":{"line":50,"column":6}},"12":{"start":{"line":53,"column":18},"end":{"line":53,"column":75}},"13":{"start":{"line":55,"column":4},"end":{"line":60,"column":6}},"14":{"start":{"line":79,"column":17},"end":{"line":81,"column":6}},"15":{"start":{"line":83,"column":4},"end":{"line":85,"column":5}},"16":{"start":{"line":84,"column":6},"end":{"line":84,"column":67}},"17":{"start":{"line":88,"column":28},"end":{"line":88,"column":77}},"18":{"start":{"line":90,"column":4},"end":{"line":92,"column":5}},"19":{"start":{"line":91,"column":6},"end":{"line":91,"column":67}},"20":{"start":{"line":95,"column":18},"end":{"line":95,"column":75}},"21":{"start":{"line":97,"column":4},"end":{"line":102,"column":6}},"22":{"start":{"line":119,"column":4},"end":{"line":124,"column":5}},"23":{"start":{"line":120,"column":22},"end":{"line":120,"column":51}},"24":{"start":{"line":121,"column":6},"end":{"line":121,"column":21}},"25":{"start":{"line":123,"column":6},"end":{"line":123,"column":55}},"26":{"start":{"line":11,"column":13},"end":{"line":11,"column":24}},"27":{"start":{"line":11,"column":13},"end":{"line":126,"column":null}}},"fnMap":{"0":{"name":"(anonymous_11)","decl":{"start":{"line":12,"column":2},"end":{"line":12,"column":null}},"loc":{"start":{"line":14,"column":34},"end":{"line":15,"column":6}}},"1":{"name":"(anonymous_12)","decl":{"start":{"line":31,"column":2},"end":{"line":31,"column":7}},"loc":{"start":{"line":31,"column":48},"end":{"line":61,"column":3}}},"2":{"name":"(anonymous_13)","decl":{"start":{"line":77,"column":2},"end":{"line":77,"column":7}},"loc":{"start":{"line":77,"column":45},"end":{"line":103,"column":3}}},"3":{"name":"(anonymous_14)","decl":{"start":{"line":118,"column":2},"end":{"line":118,"column":7}},"loc":{"start":{"line":118,"column":35},"end":{"line":125,"column":3}}}},"branchMap":{"0":{"loc":{"start":{"line":37,"column":4},"end":{"line":39,"column":5}},"type":"if","locations":[{"start":{"line":37,"column":4},"end":{"line":39,"column":5}},{"start":{},"end":{}}]},"1":{"loc":{"start":{"line":83,"column":4},"end":{"line":85,"column":5}},"type":"if","locations":[{"start":{"line":83,"column":4},"end":{"line":85,"column":5}},{"start":{},"end":{}}]},"2":{"loc":{"start":{"line":90,"column":4},"end":{"line":92,"column":5}},"type":"if","locations":[{"start":{"line":90,"column":4},"end":{"line":92,"column":5}},{"start":{},"end":{}}]},"3":{"loc":{"start":{"line":13,"column":20},"end":{"line":13,"column":null}},"type":"cond-expr","locations":[{"start":{"line":13,"column":33},"end":{"line":13,"column":null}},{"start":{"line":13,"column":33},"end":{"line":13,"column":null}}]},"4":{"loc":{"start":{"line":13,"column":20},"end":{"line":13,"column":33}},"type":"binary-expr","locations":[{"start":{"line":13,"column":20},"end":{"line":13,"column":null}},{"start":{"line":13,"column":20},"end":{"line":13,"column":33}}]},"5":{"loc":{"start":{"line":13,"column":33},"end":{"line":14,"column":null}},"type":"cond-expr","locations":[{"start":{"line":14,"column":34},"end":{"line":14,"column":null}},{"start":{"line":14,"column":34},"end":{"line":14,"column":null}}]},"6":{"loc":{"start":{"line":13,"column":33},"end":{"line":14,"column":34}},"type":"binary-expr","locations":[{"start":{"line":13,"column":33},"end":{"line":14,"column":null}},{"start":{"line":14,"column":24},"end":{"line":14,"column":34}}]}},"s":{"0":2,"1":2,"2":2,"3":2,"4":2,"5":7,"6":7,"7":2,"8":2,"9":1,"10":1,"11":1,"12":1,"13":1,"14":3,"15":3,"16":1,"17":2,"18":2,"19":1,"20":1,"21":1,"22":2,"23":2,"24":1,"25":1,"26":2,"27":2},"f":{"0":7,"1":2,"2":3,"3":2},"b":{"0":[1,1],"1":[1,2],"2":[1,1],"3":[2,0],"4":[2,2],"5":[2,0],"6":[2,2]}}
,"/Users/guljain/Desktop/Bright/src/services/auth/jwt.guard.ts": {"path":"/Users/guljain/Desktop/Bright/src/services/auth/jwt.guard.ts","statementMap":{"0":{"start":{"line":1,"column":0},"end":{"line":1,"column":44}},"1":{"start":{"line":2,"column":0},"end":{"line":2,"column":45}},"2":{"start":{"line":5,"column":7},"end":{"line":5,"column":null}},"3":{"start":{"line":5,"column":13},"end":{"line":5,"column":25}},"4":{"start":{"line":5,"column":13},"end":{"line":5,"column":null}}},"fnMap":{},"branchMap":{},"s":{"0":1,"1":1,"2":1,"3":1,"4":1},"f":{},"b":{}}
,"/Users/guljain/Desktop/Bright/src/services/auth/jwt.strategy.ts": {"path":"/Users/guljain/Desktop/Bright/src/services/auth/jwt.strategy.ts","statementMap":{"0":{"start":{"line":1,"column":0},"end":{"line":1,"column":44}},"1":{"start":{"line":2,"column":0},"end":{"line":2,"column":52}},"2":{"start":{"line":3,"column":0},"end":{"line":3,"column":52}},"3":{"start":{"line":4,"column":0},"end":{"line":4,"column":47}},"4":{"start":{"line":7,"column":7},"end":{"line":19,"column":null}},"5":{"start":{"line":9,"column":4},"end":{"line":13,"column":7}},"6":{"start":{"line":17,"column":4},"end":{"line":17,"column":57}},"7":{"start":{"line":7,"column":13},"end":{"line":7,"column":24}},"8":{"start":{"line":7,"column":13},"end":{"line":19,"column":null}}},"fnMap":{"0":{"name":"(anonymous_2)","decl":{"start":{"line":8,"column":2},"end":{"line":8,"column":14}},"loc":{"start":{"line":8,"column":42},"end":{"line":14,"column":3}}},"1":{"name":"(anonymous_3)","decl":{"start":{"line":16,"column":2},"end":{"line":16,"column":10}},"loc":{"start":{"line":16,"column":23},"end":{"line":18,"column":3}}}},"branchMap":{"0":{"loc":{"start":{"line":12,"column":19},"end":{"line":12,"column":79}},"type":"binary-expr","locations":[{"start":{"line":12,"column":19},"end":{"line":12,"column":58}},{"start":{"line":12,"column":62},"end":{"line":12,"column":79}}]},"1":{"loc":{"start":{"line":8,"column":29},"end":{"line":8,"column":null}},"type":"cond-expr","locations":[{"start":{"line":8,"column":42},"end":{"line":8,"column":null}},{"start":{"line":8,"column":42},"end":{"line":8,"column":null}}]},"2":{"loc":{"start":{"line":8,"column":29},"end":{"line":8,"column":42}},"type":"binary-expr","locations":[{"start":{"line":8,"column":29},"end":{"line":8,"column":null}},{"start":{"line":8,"column":29},"end":{"line":8,"column":42}}]}},"s":{"0":0,"1":0,"2":0,"3":0,"4":0,"5":0,"6":0,"7":0,"8":0},"f":{"0":0,"1":0},"b":{"0":[0,0],"1":[0,0],"2":[0,0]}}
,"/Users/guljain/Desktop/Bright/src/services/prisma/prisma.service.ts": {"path":"/Users/guljain/Desktop/Bright/src/services/prisma/prisma.service.ts","statementMap":{"0":{"start":{"line":1,"column":0},"end":{"line":1,"column":75}},"1":{"start":{"line":2,"column":0},"end":{"line":2,"column":46}},"2":{"start":{"line":5,"column":7},"end":{"line":16,"column":null}},"3":{"start":{"line":10,"column":4},"end":{"line":10,"column":26}},"4":{"start":{"line":14,"column":4},"end":{"line":14,"column":29}},"5":{"start":{"line":5,"column":13},"end":{"line":5,"column":26}},"6":{"start":{"line":5,"column":13},"end":{"line":16,"column":null}}},"fnMap":{"0":{"name":"(anonymous_1)","decl":{"start":{"line":9,"column":2},"end":{"line":9,"column":7}},"loc":{"start":{"line":9,"column":20},"end":{"line":11,"column":3}}},"1":{"name":"(anonymous_2)","decl":{"start":{"line":13,"column":2},"end":{"line":13,"column":7}},"loc":{"start":{"line":13,"column":23},"end":{"line":15,"column":3}}}},"branchMap":{},"s":{"0":4,"1":4,"2":4,"3":0,"4":0,"5":4,"6":4},"f":{"0":0,"1":0},"b":{}}
,"/Users/guljain/Desktop/Bright/src/services/user/userDataIngestion.service.ts": {"path":"/Users/guljain/Desktop/Bright/src/services/user/userDataIngestion.service.ts","statementMap":{"0":{"start":{"line":1,"column":0},"end":{"line":1,"column":65}},"1":{"start":{"line":2,"column":0},"end":{"line":2,"column":57}},"2":{"start":{"line":13,"column":7},"end":{"line":265,"column":null}},"3":{"start":{"line":14,"column":31},"end":{"line":14,"column":39}},"4":{"start":{"line":29,"column":22},"end":{"line":29,"column":74}},"5":{"start":{"line":32,"column":6},"end":{"line":38,"column":16}},"6":{"start":{"line":40,"column":4},"end":{"line":44,"column":5}},"7":{"start":{"line":41,"column":6},"end":{"line":43,"column":8}},"8":{"start":{"line":46,"column":44},"end":{"line":46,"column":46}},"9":{"start":{"line":53,"column":4},"end":{"line":93,"column":5}},"10":{"start":{"line":54,"column":20},"end":{"line":56,"column":8}},"11":{"start":{"line":62,"column":11},"end":{"line":62,"column":13}},"12":{"start":{"line":64,"column":6},"end":{"line":70,"column":7}},"13":{"start":{"line":65,"column":8},"end":{"line":69,"column":11}},"14":{"start":{"line":72,"column":6},"end":{"line":78,"column":7}},"15":{"start":{"line":73,"column":8},"end":{"line":77,"column":11}},"16":{"start":{"line":80,"column":6},"end":{"line":86,"column":7}},"17":{"start":{"line":81,"column":8},"end":{"line":85,"column":11}},"18":{"start":{"line":88,"column":6},"end":{"line":90,"column":7}},"19":{"start":{"line":89,"column":8},"end":{"line":89,"column":71}},"20":{"start":{"line":92,"column":6},"end":{"line":92,"column":41}},"21":{"start":{"line":100,"column":4},"end":{"line":144,"column":5}},"22":{"start":{"line":101,"column":20},"end":{"line":107,"column":8}},"23":{"start":{"line":113,"column":11},"end":{"line":113,"column":13}},"24":{"start":{"line":115,"column":6},"end":{"line":121,"column":7}},"25":{"start":{"line":116,"column":8},"end":{"line":120,"column":11}},"26":{"start":{"line":123,"column":6},"end":{"line":129,"column":7}},"27":{"start":{"line":124,"column":8},"end":{"line":128,"column":11}},"28":{"start":{"line":131,"column":6},"end":{"line":137,"column":7}},"29":{"start":{"line":132,"column":8},"end":{"line":136,"column":11}},"30":{"start":{"line":139,"column":6},"end":{"line":141,"column":7}},"31":{"start":{"line":140,"column":8},"end":{"line":140,"column":66}},"32":{"start":{"line":143,"column":6},"end":{"line":143,"column":37}},"33":{"start":{"line":150,"column":4},"end":{"line":161,"column":5}},"34":{"start":{"line":151,"column":20},"end":{"line":158,"column":8}},"35":{"start":{"line":160,"column":6},"end":{"line":160,"column":38}},"36":{"start":{"line":167,"column":4},"end":{"line":178,"column":5}},"37":{"start":{"line":168,"column":20},"end":{"line":175,"column":8}},"38":{"start":{"line":177,"column":6},"end":{"line":177,"column":38}},"39":{"start":{"line":184,"column":4},"end":{"line":224,"column":5}},"40":{"start":{"line":185,"column":20},"end":{"line":187,"column":8}},"41":{"start":{"line":193,"column":11},"end":{"line":193,"column":13}},"42":{"start":{"line":195,"column":6},"end":{"line":201,"column":7}},"43":{"start":{"line":196,"column":8},"end":{"line":200,"column":11}},"44":{"start":{"line":203,"column":6},"end":{"line":209,"column":7}},"45":{"start":{"line":204,"column":8},"end":{"line":208,"column":11}},"46":{"start":{"line":211,"column":6},"end":{"line":217,"column":7}},"47":{"start":{"line":212,"column":8},"end":{"line":216,"column":11}},"48":{"start":{"line":219,"column":6},"end":{"line":221,"column":7}},"49":{"start":{"line":220,"column":8},"end":{"line":220,"column":67}},"50":{"start":{"line":223,"column":6},"end":{"line":223,"column":38}},"51":{"start":{"line":230,"column":4},"end":{"line":240,"column":5}},"52":{"start":{"line":231,"column":20},"end":{"line":237,"column":8}},"53":{"start":{"line":239,"column":6},"end":{"line":239,"column":42}},"54":{"start":{"line":246,"column":4},"end":{"line":256,"column":5}},"55":{"start":{"line":247,"column":20},"end":{"line":253,"column":8}},"56":{"start":{"line":255,"column":6},"end":{"line":255,"column":39}},"57":{"start":{"line":258,"column":4},"end":{"line":263,"column":6}},"58":{"start":{"line":13,"column":13},"end":{"line":13,"column":37}},"59":{"start":{"line":13,"column":13},"end":{"line":265,"column":null}}},"fnMap":{"0":{"name":"(anonymous_2)","decl":{"start":{"line":14,"column":2},"end":{"line":14,"column":31}},"loc":{"start":{"line":14,"column":52},"end":{"line":14,"column":56}}},"1":{"name":"(anonymous_3)","decl":{"start":{"line":28,"column":2},"end":{"line":28,"column":7}},"loc":{"start":{"line":28,"column":61},"end":{"line":264,"column":3}}}},"branchMap":{"0":{"loc":{"start":{"line":29,"column":22},"end":{"line":29,"column":74}},"type":"cond-expr","locations":[{"start":{"line":29,"column":38},"end":{"line":29,"column":61}},{"start":{"line":29,"column":64},"end":{"line":29,"column":74}}]},"1":{"loc":{"start":{"line":32,"column":6},"end":{"line":38,"column":16}},"type":"binary-expr","locations":[{"start":{"line":32,"column":6},"end":{"line":32,"column":18}},{"start":{"line":33,"column":6},"end":{"line":33,"column":14}},{"start":{"line":34,"column":6},"end":{"line":34,"column":15}},{"start":{"line":35,"column":6},"end":{"line":35,"column":15}},{"start":{"line":36,"column":6},"end":{"line":36,"column":16}},{"start":{"line":37,"column":6},"end":{"line":37,"column":19}},{"start":{"line":38,"column":6},"end":{"line":38,"column":16}}]},"2":{"loc":{"start":{"line":40,"column":4},"end":{"line":44,"column":5}},"type":"if","locations":[{"start":{"line":40,"column":4},"end":{"line":44,"column":5}},{"start":{},"end":{}}]},"3":{"loc":{"start":{"line":53,"column":4},"end":{"line":93,"column":5}},"type":"if","locations":[{"start":{"line":53,"column":4},"end":{"line":93,"column":5}},{"start":{},"end":{}}]},"4":{"loc":{"start":{"line":64,"column":6},"end":{"line":70,"column":7}},"type":"if","locations":[{"start":{"line":64,"column":6},"end":{"line":70,"column":7}},{"start":{},"end":{}}]},"5":{"loc":{"start":{"line":72,"column":6},"end":{"line":78,"column":7}},"type":"if","locations":[{"start":{"line":72,"column":6},"end":{"line":78,"column":7}},{"start":{},"end":{}}]},"6":{"loc":{"start":{"line":80,"column":6},"end":{"line":86,"column":7}},"type":"if","locations":[{"start":{"line":80,"column":6},"end":{"line":86,"column":7}},{"start":{},"end":{}}]},"7":{"loc":{"start":{"line":88,"column":6},"end":{"line":90,"column":7}},"type":"if","locations":[{"start":{"line":88,"column":6},"end":{"line":90,"column":7}},{"start":{},"end":{}}]},"8":{"loc":{"start":{"line":100,"column":4},"end":{"line":144,"column":5}},"type":"if","locations":[{"start":{"line":100,"column":4},"end":{"line":144,"column":5}},{"start":{},"end":{}}]},"9":{"loc":{"start":{"line":105,"column":20},"end":{"line":105,"column":45}},"type":"binary-expr","locations":[{"start":{"line":105,"column":20},"end":{"line":105,"column":37}},{"start":{"line":105,"column":41},"end":{"line":105,"column":45}}]},"10":{"loc":{"start":{"line":115,"column":6},"end":{"line":121,"column":7}},"type":"if","locations":[{"start":{"line":115,"column":6},"end":{"line":121,"column":7}},{"start":{},"end":{}}]},"11":{"loc":{"start":{"line":123,"column":6},"end":{"line":129,"column":7}},"type":"if","locations":[{"start":{"line":123,"column":6},"end":{"line":129,"column":7}},{"start":{},"end":{}}]},"12":{"loc":{"start":{"line":131,"column":6},"end":{"line":137,"column":7}},"type":"if","locations":[{"start":{"line":131,"column":6},"end":{"line":137,"column":7}},{"start":{},"end":{}}]},"13":{"loc":{"start":{"line":139,"column":6},"end":{"line":141,"column":7}},"type":"if","locations":[{"start":{"line":139,"column":6},"end":{"line":141,"column":7}},{"start":{},"end":{}}]},"14":{"loc":{"start":{"line":150,"column":4},"end":{"line":161,"column":5}},"type":"if","locations":[{"start":{"line":150,"column":4},"end":{"line":161,"column":5}},{"start":{},"end":{}}]},"15":{"loc":{"start":{"line":155,"column":17},"end":{"line":155,"column":40}},"type":"binary-expr","locations":[{"start":{"line":155,"column":17},"end":{"line":155,"column":32}},{"start":{"line":155,"column":36},"end":{"line":155,"column":40}}]},"16":{"loc":{"start":{"line":156,"column":19},"end":{"line":156,"column":44}},"type":"binary-expr","locations":[{"start":{"line":156,"column":19},"end":{"line":156,"column":36}},{"start":{"line":156,"column":40},"end":{"line":156,"column":44}}]},"17":{"loc":{"start":{"line":167,"column":4},"end":{"line":178,"column":5}},"type":"if","locations":[{"start":{"line":167,"column":4},"end":{"line":178,"column":5}},{"start":{},"end":{}}]},"18":{"loc":{"start":{"line":172,"column":15},"end":{"line":172,"column":36}},"type":"binary-expr","locations":[{"start":{"line":172,"column":15},"end":{"line":172,"column":28}},{"start":{"line":172,"column":32},"end":{"line":172,"column":36}}]},"19":{"loc":{"start":{"line":173,"column":19},"end":{"line":173,"column":45}},"type":"binary-expr","locations":[{"start":{"line":173,"column":19},"end":{"line":173,"column":36}},{"start":{"line":173,"column":40},"end":{"line":173,"column":45}}]},"20":{"loc":{"start":{"line":184,"column":4},"end":{"line":224,"column":5}},"type":"if","locations":[{"start":{"line":184,"column":4},"end":{"line":224,"column":5}},{"start":{},"end":{}}]},"21":{"loc":{"start":{"line":195,"column":6},"end":{"line":201,"column":7}},"type":"if","locations":[{"start":{"line":195,"column":6},"end":{"line":201,"column":7}},{"start":{},"end":{}}]},"22":{"loc":{"start":{"line":203,"column":6},"end":{"line":209,"column":7}},"type":"if","locations":[{"start":{"line":203,"column":6},"end":{"line":209,"column":7}},{"start":{},"end":{}}]},"23":{"loc":{"start":{"line":211,"column":6},"end":{"line":217,"column":7}},"type":"if","locations":[{"start":{"line":211,"column":6},"end":{"line":217,"column":7}},{"start":{},"end":{}}]},"24":{"loc":{"start":{"line":219,"column":6},"end":{"line":221,"column":7}},"type":"if","locations":[{"start":{"line":219,"column":6},"end":{"line":221,"column":7}},{"start":{},"end":{}}]},"25":{"loc":{"start":{"line":230,"column":4},"end":{"line":240,"column":5}},"type":"if","locations":[{"start":{"line":230,"column":4},"end":{"line":240,"column":5}},{"start":{},"end":{}}]},"26":{"loc":{"start":{"line":235,"column":18},"end":{"line":235,"column":46}},"type":"binary-expr","locations":[{"start":{"line":235,"column":18},"end":{"line":235,"column":38}},{"start":{"line":235,"column":42},"end":{"line":235,"column":46}}]},"27":{"loc":{"start":{"line":246,"column":4},"end":{"line":256,"column":5}},"type":"if","locations":[{"start":{"line":246,"column":4},"end":{"line":256,"column":5}},{"start":{},"end":{}}]},"28":{"loc":{"start":{"line":251,"column":20},"end":{"line":251,"column":47}},"type":"binary-expr","locations":[{"start":{"line":251,"column":20},"end":{"line":251,"column":39}},{"start":{"line":251,"column":43},"end":{"line":251,"column":47}}]},"29":{"loc":{"start":{"line":14,"column":39},"end":{"line":14,"column":55}},"type":"cond-expr","locations":[{"start":{"line":14,"column":52},"end":{"line":14,"column":55}},{"start":{"line":14,"column":52},"end":{"line":14,"column":55}}]},"30":{"loc":{"start":{"line":14,"column":39},"end":{"line":14,"column":52}},"type":"binary-expr","locations":[{"start":{"line":14,"column":39},"end":{"line":14,"column":55}},{"start":{"line":14,"column":39},"end":{"line":14,"column":52}}]}},"s":{"0":2,"1":2,"2":2,"3":4,"4":4,"5":4,"6":4,"7":1,"8":3,"9":3,"10":2,"11":2,"12":2,"13":1,"14":2,"15":1,"16":2,"17":1,"18":2,"19":1,"20":2,"21":3,"22":1,"23":1,"24":1,"25":1,"26":1,"27":1,"28":1,"29":1,"30":1,"31":1,"32":1,"33":3,"34":1,"35":1,"36":3,"37":2,"38":2,"39":3,"40":1,"41":1,"42":1,"43":1,"44":1,"45":1,"46":1,"47":1,"48":1,"49":1,"50":1,"51":3,"52":1,"53":1,"54":3,"55":1,"56":1,"57":3,"58":2,"59":2},"f":{"0":4,"1":4},"b":{"0":[3,1],"1":[4,2,2,2,1,1,1],"2":[1,3],"3":[2,1],"4":[1,1],"5":[1,1],"6":[1,1],"7":[1,1],"8":[1,2],"9":[1,0],"10":[1,0],"11":[1,0],"12":[1,0],"13":[1,0],"14":[1,2],"15":[1,0],"16":[1,0],"17":[2,1],"18":[2,0],"19":[2,1],"20":[1,2],"21":[1,0],"22":[1,0],"23":[1,0],"24":[1,0],"25":[1,2],"26":[1,0],"27":[1,2],"28":[1,0],"29":[2,0],"30":[2,2]}}
}
