{"/Users/guljain/Desktop/Bright/src/controllers/app.controller.ts": {"path":"/Users/guljain/Desktop/Bright/src/controllers/app.controller.ts","statementMap":{"0":{"start":{"line":2,"column":0},"end":{"line":2,"column":49}},"1":{"start":{"line":3,"column":0},"end":{"line":3,"column":53}},"2":{"start":{"line":4,"column":0},"end":{"line":4,"column":69}},"3":{"start":{"line":11,"column":7},"end":{"line":29,"column":null}},"4":{"start":{"line":12,"column":31},"end":{"line":12,"column":43}},"5":{"start":{"line":27,"column":4},"end":{"line":27,"column":38}},"6":{"start":{"line":11,"column":13},"end":{"line":11,"column":26}},"7":{"start":{"line":26,"column":2},"end":{"line":28,"column":null}},"8":{"start":{"line":11,"column":13},"end":{"line":29,"column":null}}},"fnMap":{"0":{"name":"(anonymous_2)","decl":{"start":{"line":12,"column":2},"end":{"line":12,"column":31}},"loc":{"start":{"line":12,"column":53},"end":{"line":12,"column":57}}},"1":{"name":"(anonymous_3)","decl":{"start":{"line":26,"column":2},"end":{"line":26,"column":10}},"loc":{"start":{"line":26,"column":10},"end":{"line":28,"column":3}}}},"branchMap":{"0":{"loc":{"start":{"line":12,"column":43},"end":{"line":12,"column":56}},"type":"cond-expr","locations":[{"start":{"line":12,"column":53},"end":{"line":12,"column":56}},{"start":{"line":12,"column":53},"end":{"line":12,"column":56}}]},"1":{"loc":{"start":{"line":12,"column":43},"end":{"line":12,"column":53}},"type":"binary-expr","locations":[{"start":{"line":12,"column":43},"end":{"line":12,"column":56}},{"start":{"line":12,"column":43},"end":{"line":12,"column":53}}]}},"s":{"0":1,"1":1,"2":1,"3":1,"4":2,"5":1,"6":1,"7":1,"8":1},"f":{"0":2,"1":1},"b":{"0":[1,0],"1":[1,1]}}
,"/Users/guljain/Desktop/Bright/src/controllers/auth/auth.controller.ts": {"path":"/Users/guljain/Desktop/Bright/src/controllers/auth/auth.controller.ts","statementMap":{"0":{"start":{"line":2,"column":0},"end":{"line":2,"column":66}},"1":{"start":{"line":3,"column":0},"end":{"line":3,"column":63}},"2":{"start":{"line":4,"column":0},"end":{"line":4,"column":69}},"3":{"start":{"line":5,"column":0},"end":{"line":5,"column":59}},"4":{"start":{"line":6,"column":0},"end":{"line":6,"column":53}},"5":{"start":{"line":14,"column":7},"end":{"line":55,"column":null}},"6":{"start":{"line":15,"column":22},"end":{"line":15,"column":35}},"7":{"start":{"line":33,"column":4},"end":{"line":33,"column":62}},"8":{"start":{"line":53,"column":4},"end":{"line":53,"column":59}},"9":{"start":{"line":14,"column":13},"end":{"line":14,"column":27}},"10":{"start":{"line":32,"column":2},"end":{"line":34,"column":null}},"11":{"start":{"line":52,"column":2},"end":{"line":54,"column":null}},"12":{"start":{"line":14,"column":13},"end":{"line":55,"column":null}}},"fnMap":{"0":{"name":"(anonymous_4)","decl":{"start":{"line":15,"column":2},"end":{"line":15,"column":22}},"loc":{"start":{"line":15,"column":46},"end":{"line":15,"column":50}}},"1":{"name":"(anonymous_5)","decl":{"start":{"line":32,"column":2},"end":{"line":32,"column":10}},"loc":{"start":{"line":32,"column":35},"end":{"line":34,"column":3}}},"2":{"name":"(anonymous_6)","decl":{"start":{"line":52,"column":2},"end":{"line":52,"column":7}},"loc":{"start":{"line":52,"column":29},"end":{"line":54,"column":3}}}},"branchMap":{"0":{"loc":{"start":{"line":32,"column":24},"end":{"line":32,"column":null}},"type":"cond-expr","locations":[{"start":{"line":32,"column":35},"end":{"line":32,"column":null}},{"start":{"line":32,"column":35},"end":{"line":32,"column":null}}]},"1":{"loc":{"start":{"line":32,"column":24},"end":{"line":32,"column":35}},"type":"binary-expr","locations":[{"start":{"line":32,"column":24},"end":{"line":32,"column":null}},{"start":{"line":32,"column":24},"end":{"line":32,"column":35}}]},"2":{"loc":{"start":{"line":52,"column":21},"end":{"line":52,"column":null}},"type":"cond-expr","locations":[{"start":{"line":52,"column":29},"end":{"line":52,"column":null}},{"start":{"line":52,"column":29},"end":{"line":52,"column":null}}]},"3":{"loc":{"start":{"line":52,"column":21},"end":{"line":52,"column":29}},"type":"binary-expr","locations":[{"start":{"line":52,"column":21},"end":{"line":52,"column":null}},{"start":{"line":52,"column":21},"end":{"line":52,"column":29}}]},"4":{"loc":{"start":{"line":15,"column":35},"end":{"line":15,"column":49}},"type":"cond-expr","locations":[{"start":{"line":15,"column":46},"end":{"line":15,"column":49}},{"start":{"line":15,"column":46},"end":{"line":15,"column":49}}]},"5":{"loc":{"start":{"line":15,"column":35},"end":{"line":15,"column":46}},"type":"binary-expr","locations":[{"start":{"line":15,"column":35},"end":{"line":15,"column":49}},{"start":{"line":15,"column":35},"end":{"line":15,"column":46}}]}},"s":{"0":1,"1":1,"2":1,"3":1,"4":1,"5":1,"6":3,"7":1,"8":2,"9":1,"10":1,"11":1,"12":1},"f":{"0":3,"1":1,"2":2},"b":{"0":[1,0],"1":[1,1],"2":[1,0],"3":[1,1],"4":[1,0],"5":[1,1]}}
,"/Users/guljain/Desktop/Bright/src/controllers/user/userDataIngestion.controller.ts": {"path":"/Users/guljain/Desktop/Bright/src/controllers/user/userDataIngestion.controller.ts","statementMap":{"0":{"start":{"line":1,"column":0},"end":{"line":1,"column":null}},"1":{"start":{"line":12,"column":0},"end":{"line":12,"column":71}},"2":{"start":{"line":13,"column":0},"end":{"line":13,"column":30}},"3":{"start":{"line":15,"column":0},"end":{"line":15,"column":61}},"4":{"start":{"line":16,"column":0},"end":{"line":16,"column":89}},"5":{"start":{"line":17,"column":0},"end":{"line":17,"column":72}},"6":{"start":{"line":18,"column":0},"end":{"line":18,"column":79}},"7":{"start":{"line":19,"column":0},"end":{"line":19,"column":73}},"8":{"start":{"line":23,"column":7},"end":{"line":97,"column":null}},"9":{"start":{"line":25,"column":21},"end":{"line":25,"column":47}},"10":{"start":{"line":37,"column":24},"end":{"line":37,"column":48}},"11":{"start":{"line":38,"column":4},"end":{"line":42,"column":5}},"12":{"start":{"line":39,"column":6},"end":{"line":41,"column":8}},"13":{"start":{"line":44,"column":4},"end":{"line":44,"column":71}},"14":{"start":{"line":58,"column":24},"end":{"line":58,"column":48}},"15":{"start":{"line":59,"column":4},"end":{"line":63,"column":5}},"16":{"start":{"line":60,"column":6},"end":{"line":62,"column":8}},"17":{"start":{"line":65,"column":4},"end":{"line":71,"column":6}},"18":{"start":{"line":84,"column":24},"end":{"line":84,"column":48}},"19":{"start":{"line":85,"column":4},"end":{"line":89,"column":5}},"20":{"start":{"line":86,"column":6},"end":{"line":88,"column":8}},"21":{"start":{"line":91,"column":4},"end":{"line":95,"column":6}},"22":{"start":{"line":23,"column":13},"end":{"line":23,"column":40}},"23":{"start":{"line":32,"column":2},"end":{"line":45,"column":null}},"24":{"start":{"line":53,"column":2},"end":{"line":72,"column":null}},"25":{"start":{"line":79,"column":2},"end":{"line":96,"column":null}},"26":{"start":{"line":23,"column":13},"end":{"line":97,"column":null}}},"fnMap":{"0":{"name":"(anonymous_5)","decl":{"start":{"line":24,"column":2},"end":{"line":24,"column":null}},"loc":{"start":{"line":25,"column":71},"end":{"line":26,"column":6}}},"1":{"name":"(anonymous_6)","decl":{"start":{"line":32,"column":2},"end":{"line":32,"column":14}},"loc":{"start":{"line":35,"column":31},"end":{"line":45,"column":3}}},"2":{"name":"(anonymous_7)","decl":{"start":{"line":53,"column":2},"end":{"line":53,"column":15}},"loc":{"start":{"line":56,"column":31},"end":{"line":72,"column":3}}},"3":{"name":"(anonymous_8)","decl":{"start":{"line":79,"column":2},"end":{"line":79,"column":12}},"loc":{"start":{"line":82,"column":23},"end":{"line":96,"column":3}}}},"branchMap":{"0":{"loc":{"start":{"line":38,"column":4},"end":{"line":42,"column":5}},"type":"if","locations":[{"start":{"line":38,"column":4},"end":{"line":42,"column":5}},{"start":{},"end":{}}]},"1":{"loc":{"start":{"line":38,"column":8},"end":{"line":38,"column":44}},"type":"binary-expr","locations":[{"start":{"line":38,"column":8},"end":{"line":38,"column":19}},{"start":{"line":38,"column":23},"end":{"line":38,"column":44}}]},"2":{"loc":{"start":{"line":59,"column":4},"end":{"line":63,"column":5}},"type":"if","locations":[{"start":{"line":59,"column":4},"end":{"line":63,"column":5}},{"start":{},"end":{}}]},"3":{"loc":{"start":{"line":59,"column":8},"end":{"line":59,"column":44}},"type":"binary-expr","locations":[{"start":{"line":59,"column":8},"end":{"line":59,"column":19}},{"start":{"line":59,"column":23},"end":{"line":59,"column":44}}]},"4":{"loc":{"start":{"line":85,"column":4},"end":{"line":89,"column":5}},"type":"if","locations":[{"start":{"line":85,"column":4},"end":{"line":89,"column":5}},{"start":{},"end":{}}]},"5":{"loc":{"start":{"line":85,"column":8},"end":{"line":85,"column":44}},"type":"binary-expr","locations":[{"start":{"line":85,"column":8},"end":{"line":85,"column":19}},{"start":{"line":85,"column":23},"end":{"line":85,"column":44}}]},"6":{"loc":{"start":{"line":34,"column":17},"end":{"line":34,"column":null}},"type":"cond-expr","locations":[{"start":{"line":34,"column":32},"end":{"line":34,"column":null}},{"start":{"line":34,"column":32},"end":{"line":34,"column":null}}]},"7":{"loc":{"start":{"line":34,"column":17},"end":{"line":34,"column":32}},"type":"binary-expr","locations":[{"start":{"line":34,"column":17},"end":{"line":34,"column":null}},{"start":{"line":34,"column":17},"end":{"line":34,"column":32}}]},"8":{"loc":{"start":{"line":34,"column":32},"end":{"line":35,"column":null}},"type":"cond-expr","locations":[{"start":{"line":35,"column":31},"end":{"line":35,"column":null}},{"start":{"line":35,"column":31},"end":{"line":35,"column":null}}]},"9":{"loc":{"start":{"line":34,"column":32},"end":{"line":35,"column":31}},"type":"binary-expr","locations":[{"start":{"line":34,"column":32},"end":{"line":35,"column":24}},{"start":{"line":35,"column":16},"end":{"line":35,"column":31}}]},"10":{"loc":{"start":{"line":55,"column":20},"end":{"line":55,"column":null}},"type":"cond-expr","locations":[{"start":{"line":55,"column":41},"end":{"line":55,"column":null}},{"start":{"line":55,"column":41},"end":{"line":55,"column":null}}]},"11":{"loc":{"start":{"line":55,"column":20},"end":{"line":55,"column":41}},"type":"binary-expr","locations":[{"start":{"line":55,"column":20},"end":{"line":55,"column":null}},{"start":{"line":55,"column":20},"end":{"line":55,"column":41}}]},"12":{"loc":{"start":{"line":55,"column":41},"end":{"line":56,"column":null}},"type":"cond-expr","locations":[{"start":{"line":56,"column":31},"end":{"line":56,"column":null}},{"start":{"line":56,"column":31},"end":{"line":56,"column":null}}]},"13":{"loc":{"start":{"line":55,"column":41},"end":{"line":56,"column":31}},"type":"binary-expr","locations":[{"start":{"line":55,"column":41},"end":{"line":56,"column":24}},{"start":{"line":56,"column":16},"end":{"line":56,"column":31}}]},"14":{"loc":{"start":{"line":81,"column":20},"end":{"line":81,"column":null}},"type":"cond-expr","locations":[{"start":{"line":81,"column":38},"end":{"line":81,"column":null}},{"start":{"line":81,"column":38},"end":{"line":81,"column":null}}]},"15":{"loc":{"start":{"line":81,"column":20},"end":{"line":81,"column":38}},"type":"binary-expr","locations":[{"start":{"line":81,"column":20},"end":{"line":81,"column":null}},{"start":{"line":81,"column":20},"end":{"line":81,"column":38}}]},"16":{"loc":{"start":{"line":81,"column":38},"end":{"line":82,"column":null}},"type":"cond-expr","locations":[{"start":{"line":82,"column":23},"end":{"line":82,"column":null}},{"start":{"line":82,"column":23},"end":{"line":82,"column":null}}]},"17":{"loc":{"start":{"line":81,"column":38},"end":{"line":82,"column":23}},"type":"binary-expr","locations":[{"start":{"line":81,"column":38},"end":{"line":82,"column":null}},{"start":{"line":82,"column":16},"end":{"line":82,"column":23}}]},"18":{"loc":{"start":{"line":25,"column":47},"end":{"line":25,"column":null}},"type":"cond-expr","locations":[{"start":{"line":25,"column":71},"end":{"line":25,"column":null}},{"start":{"line":25,"column":71},"end":{"line":25,"column":null}}]},"19":{"loc":{"start":{"line":25,"column":47},"end":{"line":25,"column":71}},"type":"binary-expr","locations":[{"start":{"line":25,"column":47},"end":{"line":25,"column":null}},{"start":{"line":25,"column":47},"end":{"line":25,"column":71}}]}},"s":{"0":2,"1":2,"2":2,"3":2,"4":2,"5":2,"6":2,"7":2,"8":2,"9":5,"10":2,"11":2,"12":1,"13":1,"14":3,"15":3,"16":1,"17":2,"18":0,"19":0,"20":0,"21":0,"22":2,"23":2,"24":2,"25":2,"26":2},"f":{"0":5,"1":2,"2":3,"3":0},"b":{"0":[1,1],"1":[2,2],"2":[1,2],"3":[3,3],"4":[0,0],"5":[0,0],"6":[2,0],"7":[2,2],"8":[0,2],"9":[2,2],"10":[2,0],"11":[2,2],"12":[0,2],"13":[2,2],"14":[2,0],"15":[2,2],"16":[2,0],"17":[2,2],"18":[2,0],"19":[2,2]}}
,"/Users/guljain/Desktop/Bright/src/services/app.service.ts": {"path":"/Users/guljain/Desktop/Bright/src/services/app.service.ts","statementMap":{"0":{"start":{"line":1,"column":0},"end":{"line":1,"column":44}},"1":{"start":{"line":4,"column":7},"end":{"line":8,"column":null}},"2":{"start":{"line":6,"column":4},"end":{"line":6,"column":26}},"3":{"start":{"line":4,"column":13},"end":{"line":4,"column":23}},"4":{"start":{"line":4,"column":13},"end":{"line":8,"column":null}}},"fnMap":{"0":{"name":"(anonymous_1)","decl":{"start":{"line":5,"column":2},"end":{"line":5,"column":10}},"loc":{"start":{"line":5,"column":10},"end":{"line":7,"column":3}}}},"branchMap":{},"s":{"0":1,"1":1,"2":1,"3":1,"4":1},"f":{"0":1},"b":{}}
,"/Users/guljain/Desktop/Bright/src/services/auth/auth.service.ts": {"path":"/Users/guljain/Desktop/Bright/src/services/auth/auth.service.ts","statementMap":{"0":{"start":{"line":1,"column":0},"end":{"line":1,"column":null}},"1":{"start":{"line":6,"column":0},"end":{"line":6,"column":41}},"2":{"start":{"line":7,"column":0},"end":{"line":7,"column":57}},"3":{"start":{"line":8,"column":0},"end":{"line":8,"column":33}},"4":{"start":{"line":15,"column":7},"end":{"line":130,"column":null}},"5":{"start":{"line":17,"column":12},"end":{"line":17,"column":20}},"6":{"start":{"line":18,"column":12},"end":{"line":18,"column":24}},"7":{"start":{"line":37,"column":25},"end":{"line":39,"column":6}},"8":{"start":{"line":41,"column":4},"end":{"line":43,"column":5}},"9":{"start":{"line":42,"column":6},"end":{"line":42,"column":59}},"10":{"start":{"line":46,"column":25},"end":{"line":46,"column":56}},"11":{"start":{"line":49,"column":17},"end":{"line":54,"column":6}},"12":{"start":{"line":57,"column":18},"end":{"line":57,"column":75}},"13":{"start":{"line":59,"column":4},"end":{"line":64,"column":6}},"14":{"start":{"line":83,"column":17},"end":{"line":85,"column":6}},"15":{"start":{"line":87,"column":4},"end":{"line":89,"column":5}},"16":{"start":{"line":88,"column":6},"end":{"line":88,"column":67}},"17":{"start":{"line":92,"column":28},"end":{"line":92,"column":77}},"18":{"start":{"line":94,"column":4},"end":{"line":96,"column":5}},"19":{"start":{"line":95,"column":6},"end":{"line":95,"column":67}},"20":{"start":{"line":99,"column":18},"end":{"line":99,"column":75}},"21":{"start":{"line":101,"column":4},"end":{"line":106,"column":6}},"22":{"start":{"line":123,"column":4},"end":{"line":128,"column":5}},"23":{"start":{"line":124,"column":22},"end":{"line":124,"column":51}},"24":{"start":{"line":125,"column":6},"end":{"line":125,"column":21}},"25":{"start":{"line":127,"column":6},"end":{"line":127,"column":55}},"26":{"start":{"line":15,"column":13},"end":{"line":15,"column":24}},"27":{"start":{"line":15,"column":13},"end":{"line":130,"column":null}}},"fnMap":{"0":{"name":"(anonymous_11)","decl":{"start":{"line":16,"column":2},"end":{"line":16,"column":null}},"loc":{"start":{"line":18,"column":34},"end":{"line":19,"column":6}}},"1":{"name":"(anonymous_12)","decl":{"start":{"line":35,"column":2},"end":{"line":35,"column":7}},"loc":{"start":{"line":35,"column":48},"end":{"line":65,"column":3}}},"2":{"name":"(anonymous_13)","decl":{"start":{"line":81,"column":2},"end":{"line":81,"column":7}},"loc":{"start":{"line":81,"column":45},"end":{"line":107,"column":3}}},"3":{"name":"(anonymous_14)","decl":{"start":{"line":122,"column":2},"end":{"line":122,"column":7}},"loc":{"start":{"line":122,"column":35},"end":{"line":129,"column":3}}}},"branchMap":{"0":{"loc":{"start":{"line":41,"column":4},"end":{"line":43,"column":5}},"type":"if","locations":[{"start":{"line":41,"column":4},"end":{"line":43,"column":5}},{"start":{},"end":{}}]},"1":{"loc":{"start":{"line":87,"column":4},"end":{"line":89,"column":5}},"type":"if","locations":[{"start":{"line":87,"column":4},"end":{"line":89,"column":5}},{"start":{},"end":{}}]},"2":{"loc":{"start":{"line":94,"column":4},"end":{"line":96,"column":5}},"type":"if","locations":[{"start":{"line":94,"column":4},"end":{"line":96,"column":5}},{"start":{},"end":{}}]},"3":{"loc":{"start":{"line":17,"column":20},"end":{"line":17,"column":null}},"type":"cond-expr","locations":[{"start":{"line":17,"column":33},"end":{"line":17,"column":null}},{"start":{"line":17,"column":33},"end":{"line":17,"column":null}}]},"4":{"loc":{"start":{"line":17,"column":20},"end":{"line":17,"column":33}},"type":"binary-expr","locations":[{"start":{"line":17,"column":20},"end":{"line":17,"column":null}},{"start":{"line":17,"column":20},"end":{"line":17,"column":33}}]},"5":{"loc":{"start":{"line":17,"column":33},"end":{"line":18,"column":null}},"type":"cond-expr","locations":[{"start":{"line":18,"column":34},"end":{"line":18,"column":null}},{"start":{"line":18,"column":34},"end":{"line":18,"column":null}}]},"6":{"loc":{"start":{"line":17,"column":33},"end":{"line":18,"column":34}},"type":"binary-expr","locations":[{"start":{"line":17,"column":33},"end":{"line":18,"column":null}},{"start":{"line":18,"column":24},"end":{"line":18,"column":34}}]}},"s":{"0":2,"1":2,"2":2,"3":2,"4":2,"5":7,"6":7,"7":2,"8":2,"9":1,"10":1,"11":1,"12":1,"13":1,"14":3,"15":3,"16":1,"17":2,"18":2,"19":1,"20":1,"21":1,"22":2,"23":2,"24":1,"25":1,"26":2,"27":2},"f":{"0":7,"1":2,"2":3,"3":2},"b":{"0":[1,1],"1":[1,2],"2":[1,1],"3":[2,0],"4":[2,2],"5":[2,0],"6":[2,2]}}
,"/Users/guljain/Desktop/Bright/src/services/auth/jwt.guard.ts": {"path":"/Users/guljain/Desktop/Bright/src/services/auth/jwt.guard.ts","statementMap":{"0":{"start":{"line":1,"column":0},"end":{"line":1,"column":44}},"1":{"start":{"line":2,"column":0},"end":{"line":2,"column":45}},"2":{"start":{"line":5,"column":7},"end":{"line":5,"column":null}},"3":{"start":{"line":5,"column":13},"end":{"line":5,"column":25}},"4":{"start":{"line":5,"column":13},"end":{"line":5,"column":null}}},"fnMap":{},"branchMap":{},"s":{"0":2,"1":2,"2":2,"3":2,"4":2},"f":{},"b":{}}
,"/Users/guljain/Desktop/Bright/src/services/prisma/prisma.service.ts": {"path":"/Users/guljain/Desktop/Bright/src/services/prisma/prisma.service.ts","statementMap":{"0":{"start":{"line":1,"column":0},"end":{"line":1,"column":75}},"1":{"start":{"line":2,"column":0},"end":{"line":2,"column":46}},"2":{"start":{"line":5,"column":7},"end":{"line":16,"column":null}},"3":{"start":{"line":10,"column":4},"end":{"line":10,"column":26}},"4":{"start":{"line":14,"column":4},"end":{"line":14,"column":29}},"5":{"start":{"line":5,"column":13},"end":{"line":5,"column":26}},"6":{"start":{"line":5,"column":13},"end":{"line":16,"column":null}}},"fnMap":{"0":{"name":"(anonymous_1)","decl":{"start":{"line":9,"column":2},"end":{"line":9,"column":7}},"loc":{"start":{"line":9,"column":20},"end":{"line":11,"column":3}}},"1":{"name":"(anonymous_2)","decl":{"start":{"line":13,"column":2},"end":{"line":13,"column":7}},"loc":{"start":{"line":13,"column":23},"end":{"line":15,"column":3}}}},"branchMap":{},"s":{"0":7,"1":7,"2":7,"3":0,"4":0,"5":7,"6":7},"f":{"0":0,"1":0},"b":{}}
,"/Users/guljain/Desktop/Bright/src/services/user/userDataIngestion.service.ts": {"path":"/Users/guljain/Desktop/Bright/src/services/user/userDataIngestion.service.ts","statementMap":{"0":{"start":{"line":1,"column":0},"end":{"line":1,"column":65}},"1":{"start":{"line":2,"column":0},"end":{"line":2,"column":57}},"2":{"start":{"line":4,"column":0},"end":{"line":4,"column":63}},"3":{"start":{"line":5,"column":0},"end":{"line":5,"column":null}},"4":{"start":{"line":14,"column":25},"end":{"line":14,"column":49}},"5":{"start":{"line":15,"column":2},"end":{"line":15,"column":59}},"6":{"start":{"line":15,"column":27},"end":{"line":15,"column":59}},"7":{"start":{"line":16,"column":12},"end":{"line":16,"column":48}},"8":{"start":{"line":18,"column":2},"end":{"line":24,"column":3}},"9":{"start":{"line":23,"column":4},"end":{"line":23,"column":36}},"10":{"start":{"line":25,"column":2},"end":{"line":25,"column":11}},"11":{"start":{"line":29,"column":14},"end":{"line":29,"column":25}},"12":{"start":{"line":30,"column":2},"end":{"line":30,"column":42}},"13":{"start":{"line":31,"column":2},"end":{"line":31,"column":13}},"14":{"start":{"line":62,"column":7},"end":{"line":741,"column":null}},"15":{"start":{"line":63,"column":31},"end":{"line":63,"column":39}},"16":{"start":{"line":78,"column":22},"end":{"line":78,"column":74}},"17":{"start":{"line":81,"column":6},"end":{"line":87,"column":16}},"18":{"start":{"line":89,"column":4},"end":{"line":93,"column":5}},"19":{"start":{"line":90,"column":6},"end":{"line":92,"column":8}},"20":{"start":{"line":95,"column":4},"end":{"line":317,"column":7}},"21":{"start":{"line":96,"column":46},"end":{"line":96,"column":48}},"22":{"start":{"line":103,"column":6},"end":{"line":143,"column":7}},"23":{"start":{"line":104,"column":22},"end":{"line":106,"column":10}},"24":{"start":{"line":112,"column":13},"end":{"line":112,"column":15}},"25":{"start":{"line":114,"column":8},"end":{"line":120,"column":9}},"26":{"start":{"line":115,"column":10},"end":{"line":119,"column":13}},"27":{"start":{"line":122,"column":8},"end":{"line":128,"column":9}},"28":{"start":{"line":123,"column":10},"end":{"line":127,"column":13}},"29":{"start":{"line":130,"column":8},"end":{"line":136,"column":9}},"30":{"start":{"line":131,"column":10},"end":{"line":135,"column":13}},"31":{"start":{"line":138,"column":8},"end":{"line":140,"column":9}},"32":{"start":{"line":139,"column":10},"end":{"line":139,"column":64}},"33":{"start":{"line":142,"column":8},"end":{"line":142,"column":43}},"34":{"start":{"line":150,"column":6},"end":{"line":194,"column":7}},"35":{"start":{"line":151,"column":22},"end":{"line":157,"column":10}},"36":{"start":{"line":163,"column":13},"end":{"line":163,"column":15}},"37":{"start":{"line":165,"column":8},"end":{"line":171,"column":9}},"38":{"start":{"line":166,"column":10},"end":{"line":170,"column":13}},"39":{"start":{"line":173,"column":8},"end":{"line":179,"column":9}},"40":{"start":{"line":174,"column":10},"end":{"line":178,"column":13}},"41":{"start":{"line":181,"column":8},"end":{"line":187,"column":9}},"42":{"start":{"line":182,"column":10},"end":{"line":186,"column":13}},"43":{"start":{"line":189,"column":8},"end":{"line":191,"column":9}},"44":{"start":{"line":190,"column":10},"end":{"line":190,"column":59}},"45":{"start":{"line":193,"column":8},"end":{"line":193,"column":39}},"46":{"start":{"line":200,"column":6},"end":{"line":211,"column":7}},"47":{"start":{"line":201,"column":22},"end":{"line":208,"column":10}},"48":{"start":{"line":210,"column":8},"end":{"line":210,"column":40}},"49":{"start":{"line":217,"column":6},"end":{"line":228,"column":7}},"50":{"start":{"line":218,"column":22},"end":{"line":225,"column":10}},"51":{"start":{"line":227,"column":8},"end":{"line":227,"column":40}},"52":{"start":{"line":234,"column":6},"end":{"line":274,"column":7}},"53":{"start":{"line":235,"column":22},"end":{"line":237,"column":10}},"54":{"start":{"line":243,"column":13},"end":{"line":243,"column":15}},"55":{"start":{"line":245,"column":8},"end":{"line":251,"column":9}},"56":{"start":{"line":246,"column":10},"end":{"line":250,"column":13}},"57":{"start":{"line":253,"column":8},"end":{"line":259,"column":9}},"58":{"start":{"line":254,"column":10},"end":{"line":258,"column":13}},"59":{"start":{"line":261,"column":8},"end":{"line":267,"column":9}},"60":{"start":{"line":262,"column":10},"end":{"line":266,"column":13}},"61":{"start":{"line":269,"column":8},"end":{"line":271,"column":9}},"62":{"start":{"line":270,"column":10},"end":{"line":270,"column":60}},"63":{"start":{"line":273,"column":8},"end":{"line":273,"column":40}},"64":{"start":{"line":280,"column":6},"end":{"line":290,"column":7}},"65":{"start":{"line":281,"column":22},"end":{"line":287,"column":10}},"66":{"start":{"line":289,"column":8},"end":{"line":289,"column":44}},"67":{"start":{"line":296,"column":6},"end":{"line":306,"column":7}},"68":{"start":{"line":297,"column":22},"end":{"line":303,"column":10}},"69":{"start":{"line":305,"column":8},"end":{"line":305,"column":41}},"70":{"start":{"line":309,"column":6},"end":{"line":309,"column":73}},"71":{"start":{"line":311,"column":6},"end":{"line":316,"column":8}},"72":{"start":{"line":331,"column":18},"end":{"line":331,"column":47}},"73":{"start":{"line":332,"column":17},"end":{"line":332,"column":36}},"74":{"start":{"line":333,"column":17},"end":{"line":333,"column":34}},"75":{"start":{"line":336,"column":6},"end":{"line":368,"column":8}},"76":{"start":{"line":370,"column":17},"end":{"line":370,"column":52}},"77":{"start":{"line":372,"column":24},"end":{"line":380,"column":5}},"78":{"start":{"line":373,"column":18},"end":{"line":373,"column":34}},"79":{"start":{"line":374,"column":23},"end":{"line":374,"column":36}},"80":{"start":{"line":375,"column":6},"end":{"line":375,"column":36}},"81":{"start":{"line":375,"column":20},"end":{"line":375,"column":36}},"82":{"start":{"line":377,"column":40},"end":{"line":377,"column":58}},"83":{"start":{"line":378,"column":6},"end":{"line":378,"column":29}},"84":{"start":{"line":379,"column":6},"end":{"line":379,"column":21}},"85":{"start":{"line":383,"column":4},"end":{"line":394,"column":5}},"86":{"start":{"line":384,"column":19},"end":{"line":384,"column":43}},"87":{"start":{"line":385,"column":53},"end":{"line":385,"column":55}},"88":{"start":{"line":387,"column":6},"end":{"line":391,"column":7}},"89":{"start":{"line":388,"column":8},"end":{"line":388,"column":57}},"90":{"start":{"line":388,"column":32},"end":{"line":388,"column":57}},"91":{"start":{"line":389,"column":8},"end":{"line":389,"column":66}},"92":{"start":{"line":389,"column":33},"end":{"line":389,"column":66}},"93":{"start":{"line":390,"column":8},"end":{"line":390,"column":70}},"94":{"start":{"line":390,"column":35},"end":{"line":390,"column":70}},"95":{"start":{"line":393,"column":6},"end":{"line":393,"column":31}},"96":{"start":{"line":397,"column":4},"end":{"line":408,"column":5}},"97":{"start":{"line":398,"column":19},"end":{"line":398,"column":43}},"98":{"start":{"line":399,"column":45},"end":{"line":399,"column":69}},"99":{"start":{"line":401,"column":6},"end":{"line":405,"column":7}},"100":{"start":{"line":402,"column":8},"end":{"line":402,"column":58}},"101":{"start":{"line":402,"column":32},"end":{"line":402,"column":58}},"102":{"start":{"line":403,"column":8},"end":{"line":403,"column":55}},"103":{"start":{"line":403,"column":30},"end":{"line":403,"column":55}},"104":{"start":{"line":404,"column":8},"end":{"line":404,"column":62}},"105":{"start":{"line":404,"column":34},"end":{"line":404,"column":62}},"106":{"start":{"line":407,"column":6},"end":{"line":407,"column":23}},"107":{"start":{"line":411,"column":4},"end":{"line":414,"column":5}},"108":{"start":{"line":412,"column":19},"end":{"line":412,"column":43}},"109":{"start":{"line":413,"column":6},"end":{"line":413,"column":58}},"110":{"start":{"line":417,"column":4},"end":{"line":420,"column":5}},"111":{"start":{"line":418,"column":19},"end":{"line":418,"column":43}},"112":{"start":{"line":419,"column":6},"end":{"line":419,"column":54}},"113":{"start":{"line":423,"column":4},"end":{"line":434,"column":5}},"114":{"start":{"line":424,"column":19},"end":{"line":424,"column":43}},"115":{"start":{"line":425,"column":52},"end":{"line":425,"column":54}},"116":{"start":{"line":427,"column":6},"end":{"line":431,"column":7}},"117":{"start":{"line":428,"column":8},"end":{"line":428,"column":71}},"118":{"start":{"line":428,"column":36},"end":{"line":428,"column":71}},"119":{"start":{"line":429,"column":8},"end":{"line":429,"column":67}},"120":{"start":{"line":429,"column":34},"end":{"line":429,"column":67}},"121":{"start":{"line":430,"column":8},"end":{"line":430,"column":65}},"122":{"start":{"line":430,"column":33},"end":{"line":430,"column":65}},"123":{"start":{"line":433,"column":6},"end":{"line":433,"column":30}},"124":{"start":{"line":437,"column":4},"end":{"line":440,"column":5}},"125":{"start":{"line":438,"column":19},"end":{"line":438,"column":43}},"126":{"start":{"line":439,"column":6},"end":{"line":439,"column":44}},"127":{"start":{"line":443,"column":4},"end":{"line":446,"column":5}},"128":{"start":{"line":444,"column":19},"end":{"line":444,"column":43}},"129":{"start":{"line":445,"column":6},"end":{"line":445,"column":45}},"130":{"start":{"line":448,"column":21},"end":{"line":450,"column":null}},"131":{"start":{"line":450,"column":8},"end":{"line":450,"column":73}},"132":{"start":{"line":453,"column":18},"end":{"line":453,"column":33}},"133":{"start":{"line":454,"column":18},"end":{"line":454,"column":51}},"134":{"start":{"line":456,"column":4},"end":{"line":468,"column":6}},"135":{"start":{"line":476,"column":27},"end":{"line":476,"column":50}},"136":{"start":{"line":480,"column":6},"end":{"line":507,"column":8}},"137":{"start":{"line":510,"column":28},"end":{"line":510,"column":64}},"138":{"start":{"line":510,"column":54},"end":{"line":510,"column":63}},"139":{"start":{"line":511,"column":23},"end":{"line":514,"column":null}},"140":{"start":{"line":513,"column":23},"end":{"line":513,"column":52}},"141":{"start":{"line":514,"column":20},"end":{"line":514,"column":27}},"142":{"start":{"line":516,"column":26},"end":{"line":519,"column":null}},"143":{"start":{"line":518,"column":23},"end":{"line":518,"column":53}},"144":{"start":{"line":519,"column":20},"end":{"line":519,"column":27}},"145":{"start":{"line":521,"column":28},"end":{"line":524,"column":null}},"146":{"start":{"line":523,"column":23},"end":{"line":523,"column":55}},"147":{"start":{"line":524,"column":20},"end":{"line":524,"column":27}},"148":{"start":{"line":528,"column":27},"end":{"line":530,"column":64}},"149":{"start":{"line":529,"column":18},"end":{"line":529,"column":28}},"150":{"start":{"line":530,"column":34},"end":{"line":530,"column":63}},"151":{"start":{"line":531,"column":24},"end":{"line":533,"column":9}},"152":{"start":{"line":535,"column":24},"end":{"line":535,"column":55}},"153":{"start":{"line":535,"column":45},"end":{"line":535,"column":54}},"154":{"start":{"line":536,"column":23},"end":{"line":537,"column":null}},"155":{"start":{"line":537,"column":32},"end":{"line":537,"column":58}},"156":{"start":{"line":537,"column":71},"end":{"line":537,"column":78}},"157":{"start":{"line":539,"column":22},"end":{"line":540,"column":null}},"158":{"start":{"line":540,"column":32},"end":{"line":540,"column":56}},"159":{"start":{"line":540,"column":69},"end":{"line":540,"column":76}},"160":{"start":{"line":542,"column":25},"end":{"line":545,"column":null}},"161":{"start":{"line":544,"column":23},"end":{"line":544,"column":51}},"162":{"start":{"line":545,"column":20},"end":{"line":545,"column":27}},"163":{"start":{"line":549,"column":29},"end":{"line":551,"column":64}},"164":{"start":{"line":550,"column":18},"end":{"line":550,"column":25}},"165":{"start":{"line":551,"column":34},"end":{"line":551,"column":63}},"166":{"start":{"line":552,"column":31},"end":{"line":554,"column":64}},"167":{"start":{"line":553,"column":18},"end":{"line":553,"column":27}},"168":{"start":{"line":554,"column":34},"end":{"line":554,"column":63}},"169":{"start":{"line":556,"column":23},"end":{"line":556,"column":44}},"170":{"start":{"line":557,"column":28},"end":{"line":557,"column":51}},"171":{"start":{"line":560,"column":22},"end":{"line":562,"column":64}},"172":{"start":{"line":561,"column":18},"end":{"line":561,"column":23}},"173":{"start":{"line":562,"column":34},"end":{"line":562,"column":63}},"174":{"start":{"line":563,"column":29},"end":{"line":566,"column":64}},"175":{"start":{"line":564,"column":21},"end":{"line":564,"column":30}},"176":{"start":{"line":565,"column":18},"end":{"line":565,"column":23}},"177":{"start":{"line":566,"column":34},"end":{"line":566,"column":63}},"178":{"start":{"line":568,"column":19},"end":{"line":568,"column":33}},"179":{"start":{"line":569,"column":26},"end":{"line":569,"column":47}},"180":{"start":{"line":572,"column":25},"end":{"line":572,"column":57}},"181":{"start":{"line":572,"column":47},"end":{"line":572,"column":56}},"182":{"start":{"line":573,"column":24},"end":{"line":576,"column":null}},"183":{"start":{"line":575,"column":23},"end":{"line":575,"column":53}},"184":{"start":{"line":576,"column":20},"end":{"line":576,"column":30}},"185":{"start":{"line":578,"column":22},"end":{"line":581,"column":null}},"186":{"start":{"line":580,"column":23},"end":{"line":580,"column":51}},"187":{"start":{"line":581,"column":20},"end":{"line":581,"column":30}},"188":{"start":{"line":583,"column":21},"end":{"line":586,"column":null}},"189":{"start":{"line":585,"column":23},"end":{"line":585,"column":50}},"190":{"start":{"line":586,"column":20},"end":{"line":586,"column":30}},"191":{"start":{"line":590,"column":28},"end":{"line":593,"column":null}},"192":{"start":{"line":592,"column":20},"end":{"line":592,"column":28}},"193":{"start":{"line":593,"column":36},"end":{"line":593,"column":65}},"194":{"start":{"line":597,"column":21},"end":{"line":597,"column":74}},"195":{"start":{"line":600,"column":16},"end":{"line":600,"column":21}},"196":{"start":{"line":603,"column":4},"end":{"line":653,"column":7}},"197":{"start":{"line":660,"column":4},"end":{"line":665,"column":5}},"198":{"start":{"line":661,"column":6},"end":{"line":661,"column":39}},"199":{"start":{"line":662,"column":6},"end":{"line":662,"column":35}},"200":{"start":{"line":664,"column":6},"end":{"line":664,"column":72}},"201":{"start":{"line":667,"column":4},"end":{"line":669,"column":5}},"202":{"start":{"line":668,"column":6},"end":{"line":668,"column":75}},"203":{"start":{"line":672,"column":25},"end":{"line":672,"column":47}},"204":{"start":{"line":674,"column":17},"end":{"line":680,"column":6}},"205":{"start":{"line":682,"column":23},"end":{"line":682,"column":76}},"206":{"start":{"line":682,"column":47},"end":{"line":682,"column":72}},"207":{"start":{"line":685,"column":27},"end":{"line":687,"column":43}},"208":{"start":{"line":686,"column":18},"end":{"line":686,"column":31}},"209":{"start":{"line":687,"column":21},"end":{"line":687,"column":42}},"210":{"start":{"line":688,"column":25},"end":{"line":692,"column":null}},"211":{"start":{"line":690,"column":8},"end":{"line":692,"column":25}},"212":{"start":{"line":696,"column":6},"end":{"line":699,"column":11}},"213":{"start":{"line":697,"column":40},"end":{"line":697,"column":57}},"214":{"start":{"line":701,"column":24},"end":{"line":703,"column":64}},"215":{"start":{"line":702,"column":18},"end":{"line":702,"column":30}},"216":{"start":{"line":703,"column":34},"end":{"line":703,"column":63}},"217":{"start":{"line":706,"column":6},"end":{"line":708,"column":11}},"218":{"start":{"line":707,"column":39},"end":{"line":707,"column":44}},"219":{"start":{"line":712,"column":31},"end":{"line":714,"column":null}},"220":{"start":{"line":713,"column":18},"end":{"line":713,"column":46}},"221":{"start":{"line":716,"column":33},"end":{"line":718,"column":null}},"222":{"start":{"line":717,"column":18},"end":{"line":717,"column":48}},"223":{"start":{"line":720,"column":27},"end":{"line":722,"column":null}},"224":{"start":{"line":721,"column":18},"end":{"line":721,"column":48}},"225":{"start":{"line":725,"column":4},"end":{"line":739,"column":6}},"226":{"start":{"line":62,"column":13},"end":{"line":62,"column":37}},"227":{"start":{"line":62,"column":13},"end":{"line":741,"column":null}},"228":{"start":{"line":744,"column":16},"end":{"line":745,"column":null}},"229":{"start":{"line":747,"column":14},"end":{"line":747,"column":29}},"230":{"start":{"line":748,"column":2},"end":{"line":748,"column":39}},"231":{"start":{"line":749,"column":2},"end":{"line":749,"column":24}},"232":{"start":{"line":753,"column":2},"end":{"line":753,"column":40}},"233":{"start":{"line":753,"column":28},"end":{"line":753,"column":40}},"234":{"start":{"line":754,"column":2},"end":{"line":754,"column":61}},"235":{"start":{"line":754,"column":34},"end":{"line":754,"column":39}},"236":{"start":{"line":758,"column":2},"end":{"line":758,"column":44}},"237":{"start":{"line":758,"column":34},"end":{"line":758,"column":39}}},"fnMap":{"0":{"name":"parseDDMMYYYY","decl":{"start":{"line":12,"column":9},"end":{"line":12,"column":22}},"loc":{"start":{"line":12,"column":32},"end":{"line":26,"column":1}}},"1":{"name":"addDaysUTC","decl":{"start":{"line":28,"column":9},"end":{"line":28,"column":19}},"loc":{"start":{"line":28,"column":41},"end":{"line":32,"column":1}}},"2":{"name":"(anonymous_4)","decl":{"start":{"line":63,"column":2},"end":{"line":63,"column":31}},"loc":{"start":{"line":63,"column":52},"end":{"line":63,"column":56}}},"3":{"name":"(anonymous_5)","decl":{"start":{"line":77,"column":2},"end":{"line":77,"column":7}},"loc":{"start":{"line":77,"column":61},"end":{"line":318,"column":3}}},"4":{"name":"(anonymous_6)","decl":{"start":{"line":95,"column":36},"end":{"line":95,"column":41}},"loc":{"start":{"line":95,"column":49},"end":{"line":317,"column":5}}},"5":{"name":"(anonymous_7)","decl":{"start":{"line":324,"column":2},"end":{"line":324,"column":7}},"loc":{"start":{"line":329,"column":14},"end":{"line":469,"column":3}}},"6":{"name":"(anonymous_8)","decl":{"start":{"line":372,"column":24},"end":{"line":372,"column":25}},"loc":{"start":{"line":372,"column":37},"end":{"line":380,"column":5}}},"7":{"name":"(anonymous_9)","decl":{"start":{"line":449,"column":6},"end":{"line":449,"column":7}},"loc":{"start":{"line":450,"column":8},"end":{"line":450,"column":73}}},"8":{"name":"(anonymous_10)","decl":{"start":{"line":471,"column":10},"end":{"line":471,"column":15}},"loc":{"start":{"line":474,"column":19},"end":{"line":654,"column":3}}},"9":{"name":"(anonymous_11)","decl":{"start":{"line":510,"column":47},"end":{"line":510,"column":48}},"loc":{"start":{"line":510,"column":54},"end":{"line":510,"column":63}}},"10":{"name":"(anonymous_12)","decl":{"start":{"line":513,"column":16},"end":{"line":513,"column":17}},"loc":{"start":{"line":513,"column":23},"end":{"line":513,"column":52}}},"11":{"name":"(anonymous_13)","decl":{"start":{"line":514,"column":13},"end":{"line":514,"column":14}},"loc":{"start":{"line":514,"column":20},"end":{"line":514,"column":27}}},"12":{"name":"(anonymous_14)","decl":{"start":{"line":518,"column":16},"end":{"line":518,"column":17}},"loc":{"start":{"line":518,"column":23},"end":{"line":518,"column":53}}},"13":{"name":"(anonymous_15)","decl":{"start":{"line":519,"column":13},"end":{"line":519,"column":14}},"loc":{"start":{"line":519,"column":20},"end":{"line":519,"column":27}}},"14":{"name":"(anonymous_16)","decl":{"start":{"line":523,"column":16},"end":{"line":523,"column":17}},"loc":{"start":{"line":523,"column":23},"end":{"line":523,"column":55}}},"15":{"name":"(anonymous_17)","decl":{"start":{"line":524,"column":13},"end":{"line":524,"column":14}},"loc":{"start":{"line":524,"column":20},"end":{"line":524,"column":27}}},"16":{"name":"(anonymous_18)","decl":{"start":{"line":529,"column":11},"end":{"line":529,"column":12}},"loc":{"start":{"line":529,"column":18},"end":{"line":529,"column":28}}},"17":{"name":"(anonymous_19)","decl":{"start":{"line":530,"column":14},"end":{"line":530,"column":15}},"loc":{"start":{"line":530,"column":34},"end":{"line":530,"column":63}}},"18":{"name":"(anonymous_20)","decl":{"start":{"line":535,"column":38},"end":{"line":535,"column":39}},"loc":{"start":{"line":535,"column":45},"end":{"line":535,"column":54}}},"19":{"name":"(anonymous_21)","decl":{"start":{"line":537,"column":25},"end":{"line":537,"column":26}},"loc":{"start":{"line":537,"column":32},"end":{"line":537,"column":58}}},"20":{"name":"(anonymous_22)","decl":{"start":{"line":537,"column":64},"end":{"line":537,"column":65}},"loc":{"start":{"line":537,"column":71},"end":{"line":537,"column":78}}},"21":{"name":"(anonymous_23)","decl":{"start":{"line":540,"column":25},"end":{"line":540,"column":26}},"loc":{"start":{"line":540,"column":32},"end":{"line":540,"column":56}}},"22":{"name":"(anonymous_24)","decl":{"start":{"line":540,"column":62},"end":{"line":540,"column":63}},"loc":{"start":{"line":540,"column":69},"end":{"line":540,"column":76}}},"23":{"name":"(anonymous_25)","decl":{"start":{"line":544,"column":16},"end":{"line":544,"column":17}},"loc":{"start":{"line":544,"column":23},"end":{"line":544,"column":51}}},"24":{"name":"(anonymous_26)","decl":{"start":{"line":545,"column":13},"end":{"line":545,"column":14}},"loc":{"start":{"line":545,"column":20},"end":{"line":545,"column":27}}},"25":{"name":"(anonymous_27)","decl":{"start":{"line":550,"column":11},"end":{"line":550,"column":12}},"loc":{"start":{"line":550,"column":18},"end":{"line":550,"column":25}}},"26":{"name":"(anonymous_28)","decl":{"start":{"line":551,"column":14},"end":{"line":551,"column":15}},"loc":{"start":{"line":551,"column":34},"end":{"line":551,"column":63}}},"27":{"name":"(anonymous_29)","decl":{"start":{"line":553,"column":11},"end":{"line":553,"column":12}},"loc":{"start":{"line":553,"column":18},"end":{"line":553,"column":27}}},"28":{"name":"(anonymous_30)","decl":{"start":{"line":554,"column":14},"end":{"line":554,"column":15}},"loc":{"start":{"line":554,"column":34},"end":{"line":554,"column":63}}},"29":{"name":"(anonymous_31)","decl":{"start":{"line":561,"column":11},"end":{"line":561,"column":12}},"loc":{"start":{"line":561,"column":18},"end":{"line":561,"column":23}}},"30":{"name":"(anonymous_32)","decl":{"start":{"line":562,"column":14},"end":{"line":562,"column":15}},"loc":{"start":{"line":562,"column":34},"end":{"line":562,"column":63}}},"31":{"name":"(anonymous_33)","decl":{"start":{"line":564,"column":14},"end":{"line":564,"column":15}},"loc":{"start":{"line":564,"column":21},"end":{"line":564,"column":30}}},"32":{"name":"(anonymous_34)","decl":{"start":{"line":565,"column":11},"end":{"line":565,"column":12}},"loc":{"start":{"line":565,"column":18},"end":{"line":565,"column":23}}},"33":{"name":"(anonymous_35)","decl":{"start":{"line":566,"column":14},"end":{"line":566,"column":15}},"loc":{"start":{"line":566,"column":34},"end":{"line":566,"column":63}}},"34":{"name":"(anonymous_36)","decl":{"start":{"line":572,"column":40},"end":{"line":572,"column":41}},"loc":{"start":{"line":572,"column":47},"end":{"line":572,"column":56}}},"35":{"name":"(anonymous_37)","decl":{"start":{"line":575,"column":16},"end":{"line":575,"column":17}},"loc":{"start":{"line":575,"column":23},"end":{"line":575,"column":53}}},"36":{"name":"(anonymous_38)","decl":{"start":{"line":576,"column":13},"end":{"line":576,"column":14}},"loc":{"start":{"line":576,"column":20},"end":{"line":576,"column":30}}},"37":{"name":"(anonymous_39)","decl":{"start":{"line":580,"column":16},"end":{"line":580,"column":17}},"loc":{"start":{"line":580,"column":23},"end":{"line":580,"column":51}}},"38":{"name":"(anonymous_40)","decl":{"start":{"line":581,"column":13},"end":{"line":581,"column":14}},"loc":{"start":{"line":581,"column":20},"end":{"line":581,"column":30}}},"39":{"name":"(anonymous_41)","decl":{"start":{"line":585,"column":16},"end":{"line":585,"column":17}},"loc":{"start":{"line":585,"column":23},"end":{"line":585,"column":50}}},"40":{"name":"(anonymous_42)","decl":{"start":{"line":586,"column":13},"end":{"line":586,"column":14}},"loc":{"start":{"line":586,"column":20},"end":{"line":586,"column":30}}},"41":{"name":"(anonymous_43)","decl":{"start":{"line":592,"column":13},"end":{"line":592,"column":14}},"loc":{"start":{"line":592,"column":20},"end":{"line":592,"column":28}}},"42":{"name":"(anonymous_44)","decl":{"start":{"line":593,"column":16},"end":{"line":593,"column":17}},"loc":{"start":{"line":593,"column":36},"end":{"line":593,"column":65}}},"43":{"name":"(anonymous_45)","decl":{"start":{"line":656,"column":2},"end":{"line":656,"column":7}},"loc":{"start":{"line":656,"column":66},"end":{"line":740,"column":3}}},"44":{"name":"(anonymous_46)","decl":{"start":{"line":682,"column":35},"end":{"line":682,"column":36}},"loc":{"start":{"line":682,"column":47},"end":{"line":682,"column":72}}},"45":{"name":"(anonymous_47)","decl":{"start":{"line":686,"column":11},"end":{"line":686,"column":12}},"loc":{"start":{"line":686,"column":18},"end":{"line":686,"column":31}}},"46":{"name":"(anonymous_48)","decl":{"start":{"line":687,"column":14},"end":{"line":687,"column":15}},"loc":{"start":{"line":687,"column":21},"end":{"line":687,"column":42}}},"47":{"name":"(anonymous_49)","decl":{"start":{"line":689,"column":6},"end":{"line":689,"column":7}},"loc":{"start":{"line":690,"column":8},"end":{"line":692,"column":25}}},"48":{"name":"(anonymous_50)","decl":{"start":{"line":697,"column":30},"end":{"line":697,"column":31}},"loc":{"start":{"line":697,"column":40},"end":{"line":697,"column":57}}},"49":{"name":"(anonymous_51)","decl":{"start":{"line":702,"column":11},"end":{"line":702,"column":12}},"loc":{"start":{"line":702,"column":18},"end":{"line":702,"column":30}}},"50":{"name":"(anonymous_52)","decl":{"start":{"line":703,"column":14},"end":{"line":703,"column":15}},"loc":{"start":{"line":703,"column":34},"end":{"line":703,"column":63}}},"51":{"name":"(anonymous_53)","decl":{"start":{"line":707,"column":29},"end":{"line":707,"column":30}},"loc":{"start":{"line":707,"column":39},"end":{"line":707,"column":44}}},"52":{"name":"(anonymous_54)","decl":{"start":{"line":713,"column":6},"end":{"line":713,"column":7}},"loc":{"start":{"line":713,"column":18},"end":{"line":713,"column":46}}},"53":{"name":"(anonymous_55)","decl":{"start":{"line":717,"column":6},"end":{"line":717,"column":7}},"loc":{"start":{"line":717,"column":18},"end":{"line":717,"column":48}}},"54":{"name":"(anonymous_56)","decl":{"start":{"line":721,"column":6},"end":{"line":721,"column":7}},"loc":{"start":{"line":721,"column":18},"end":{"line":721,"column":48}}},"55":{"name":"dayBoundsUTC","decl":{"start":{"line":743,"column":9},"end":{"line":743,"column":21}},"loc":{"start":{"line":743,"column":33},"end":{"line":750,"column":1}}},"56":{"name":"avg","decl":{"start":{"line":752,"column":9},"end":{"line":752,"column":12}},"loc":{"start":{"line":752,"column":30},"end":{"line":755,"column":1}}},"57":{"name":"(anonymous_59)","decl":{"start":{"line":754,"column":24},"end":{"line":754,"column":25}},"loc":{"start":{"line":754,"column":34},"end":{"line":754,"column":39}}},"58":{"name":"sum","decl":{"start":{"line":757,"column":9},"end":{"line":757,"column":12}},"loc":{"start":{"line":757,"column":30},"end":{"line":759,"column":1}}},"59":{"name":"(anonymous_61)","decl":{"start":{"line":758,"column":24},"end":{"line":758,"column":25}},"loc":{"start":{"line":758,"column":34},"end":{"line":758,"column":39}}}},"branchMap":{"0":{"loc":{"start":{"line":15,"column":2},"end":{"line":15,"column":59}},"type":"if","locations":[{"start":{"line":15,"column":2},"end":{"line":15,"column":59}},{"start":{},"end":{}}]},"1":{"loc":{"start":{"line":15,"column":6},"end":{"line":15,"column":25}},"type":"binary-expr","locations":[{"start":{"line":15,"column":6},"end":{"line":15,"column":9}},{"start":{"line":15,"column":13},"end":{"line":15,"column":16}},{"start":{"line":15,"column":20},"end":{"line":15,"column":25}}]},"2":{"loc":{"start":{"line":18,"column":2},"end":{"line":24,"column":3}},"type":"if","locations":[{"start":{"line":18,"column":2},"end":{"line":24,"column":3}},{"start":{},"end":{}}]},"3":{"loc":{"start":{"line":19,"column":4},"end":{"line":21,"column":25}},"type":"binary-expr","locations":[{"start":{"line":19,"column":4},"end":{"line":19,"column":31}},{"start":{"line":20,"column":4},"end":{"line":20,"column":30}},{"start":{"line":21,"column":4},"end":{"line":21,"column":25}}]},"4":{"loc":{"start":{"line":78,"column":22},"end":{"line":78,"column":74}},"type":"cond-expr","locations":[{"start":{"line":78,"column":38},"end":{"line":78,"column":61}},{"start":{"line":78,"column":64},"end":{"line":78,"column":74}}]},"5":{"loc":{"start":{"line":81,"column":6},"end":{"line":87,"column":16}},"type":"binary-expr","locations":[{"start":{"line":81,"column":6},"end":{"line":81,"column":18}},{"start":{"line":82,"column":6},"end":{"line":82,"column":14}},{"start":{"line":83,"column":6},"end":{"line":83,"column":15}},{"start":{"line":84,"column":6},"end":{"line":84,"column":15}},{"start":{"line":85,"column":6},"end":{"line":85,"column":16}},{"start":{"line":86,"column":6},"end":{"line":86,"column":19}},{"start":{"line":87,"column":6},"end":{"line":87,"column":16}}]},"6":{"loc":{"start":{"line":89,"column":4},"end":{"line":93,"column":5}},"type":"if","locations":[{"start":{"line":89,"column":4},"end":{"line":93,"column":5}},{"start":{},"end":{}}]},"7":{"loc":{"start":{"line":103,"column":6},"end":{"line":143,"column":7}},"type":"if","locations":[{"start":{"line":103,"column":6},"end":{"line":143,"column":7}},{"start":{},"end":{}}]},"8":{"loc":{"start":{"line":114,"column":8},"end":{"line":120,"column":9}},"type":"if","locations":[{"start":{"line":114,"column":8},"end":{"line":120,"column":9}},{"start":{},"end":{}}]},"9":{"loc":{"start":{"line":122,"column":8},"end":{"line":128,"column":9}},"type":"if","locations":[{"start":{"line":122,"column":8},"end":{"line":128,"column":9}},{"start":{},"end":{}}]},"10":{"loc":{"start":{"line":130,"column":8},"end":{"line":136,"column":9}},"type":"if","locations":[{"start":{"line":130,"column":8},"end":{"line":136,"column":9}},{"start":{},"end":{}}]},"11":{"loc":{"start":{"line":138,"column":8},"end":{"line":140,"column":9}},"type":"if","locations":[{"start":{"line":138,"column":8},"end":{"line":140,"column":9}},{"start":{},"end":{}}]},"12":{"loc":{"start":{"line":150,"column":6},"end":{"line":194,"column":7}},"type":"if","locations":[{"start":{"line":150,"column":6},"end":{"line":194,"column":7}},{"start":{},"end":{}}]},"13":{"loc":{"start":{"line":155,"column":22},"end":{"line":155,"column":47}},"type":"binary-expr","locations":[{"start":{"line":155,"column":22},"end":{"line":155,"column":39}},{"start":{"line":155,"column":43},"end":{"line":155,"column":47}}]},"14":{"loc":{"start":{"line":165,"column":8},"end":{"line":171,"column":9}},"type":"if","locations":[{"start":{"line":165,"column":8},"end":{"line":171,"column":9}},{"start":{},"end":{}}]},"15":{"loc":{"start":{"line":173,"column":8},"end":{"line":179,"column":9}},"type":"if","locations":[{"start":{"line":173,"column":8},"end":{"line":179,"column":9}},{"start":{},"end":{}}]},"16":{"loc":{"start":{"line":181,"column":8},"end":{"line":187,"column":9}},"type":"if","locations":[{"start":{"line":181,"column":8},"end":{"line":187,"column":9}},{"start":{},"end":{}}]},"17":{"loc":{"start":{"line":189,"column":8},"end":{"line":191,"column":9}},"type":"if","locations":[{"start":{"line":189,"column":8},"end":{"line":191,"column":9}},{"start":{},"end":{}}]},"18":{"loc":{"start":{"line":200,"column":6},"end":{"line":211,"column":7}},"type":"if","locations":[{"start":{"line":200,"column":6},"end":{"line":211,"column":7}},{"start":{},"end":{}}]},"19":{"loc":{"start":{"line":205,"column":19},"end":{"line":205,"column":42}},"type":"binary-expr","locations":[{"start":{"line":205,"column":19},"end":{"line":205,"column":34}},{"start":{"line":205,"column":38},"end":{"line":205,"column":42}}]},"20":{"loc":{"start":{"line":206,"column":21},"end":{"line":206,"column":46}},"type":"binary-expr","locations":[{"start":{"line":206,"column":21},"end":{"line":206,"column":38}},{"start":{"line":206,"column":42},"end":{"line":206,"column":46}}]},"21":{"loc":{"start":{"line":217,"column":6},"end":{"line":228,"column":7}},"type":"if","locations":[{"start":{"line":217,"column":6},"end":{"line":228,"column":7}},{"start":{},"end":{}}]},"22":{"loc":{"start":{"line":222,"column":17},"end":{"line":222,"column":38}},"type":"binary-expr","locations":[{"start":{"line":222,"column":17},"end":{"line":222,"column":30}},{"start":{"line":222,"column":34},"end":{"line":222,"column":38}}]},"23":{"loc":{"start":{"line":223,"column":21},"end":{"line":223,"column":47}},"type":"binary-expr","locations":[{"start":{"line":223,"column":21},"end":{"line":223,"column":38}},{"start":{"line":223,"column":42},"end":{"line":223,"column":47}}]},"24":{"loc":{"start":{"line":234,"column":6},"end":{"line":274,"column":7}},"type":"if","locations":[{"start":{"line":234,"column":6},"end":{"line":274,"column":7}},{"start":{},"end":{}}]},"25":{"loc":{"start":{"line":245,"column":8},"end":{"line":251,"column":9}},"type":"if","locations":[{"start":{"line":245,"column":8},"end":{"line":251,"column":9}},{"start":{},"end":{}}]},"26":{"loc":{"start":{"line":253,"column":8},"end":{"line":259,"column":9}},"type":"if","locations":[{"start":{"line":253,"column":8},"end":{"line":259,"column":9}},{"start":{},"end":{}}]},"27":{"loc":{"start":{"line":261,"column":8},"end":{"line":267,"column":9}},"type":"if","locations":[{"start":{"line":261,"column":8},"end":{"line":267,"column":9}},{"start":{},"end":{}}]},"28":{"loc":{"start":{"line":269,"column":8},"end":{"line":271,"column":9}},"type":"if","locations":[{"start":{"line":269,"column":8},"end":{"line":271,"column":9}},{"start":{},"end":{}}]},"29":{"loc":{"start":{"line":280,"column":6},"end":{"line":290,"column":7}},"type":"if","locations":[{"start":{"line":280,"column":6},"end":{"line":290,"column":7}},{"start":{},"end":{}}]},"30":{"loc":{"start":{"line":285,"column":20},"end":{"line":285,"column":48}},"type":"binary-expr","locations":[{"start":{"line":285,"column":20},"end":{"line":285,"column":40}},{"start":{"line":285,"column":44},"end":{"line":285,"column":48}}]},"31":{"loc":{"start":{"line":296,"column":6},"end":{"line":306,"column":7}},"type":"if","locations":[{"start":{"line":296,"column":6},"end":{"line":306,"column":7}},{"start":{},"end":{}}]},"32":{"loc":{"start":{"line":301,"column":22},"end":{"line":301,"column":49}},"type":"binary-expr","locations":[{"start":{"line":301,"column":22},"end":{"line":301,"column":41}},{"start":{"line":301,"column":45},"end":{"line":301,"column":49}}]},"33":{"loc":{"start":{"line":328,"column":4},"end":{"line":328,"column":12}},"type":"default-arg","locations":[{"start":{"line":328,"column":11},"end":{"line":328,"column":12}}]},"34":{"loc":{"start":{"line":329,"column":4},"end":{"line":329,"column":14}},"type":"default-arg","locations":[{"start":{"line":329,"column":12},"end":{"line":329,"column":14}}]},"35":{"loc":{"start":{"line":375,"column":6},"end":{"line":375,"column":36}},"type":"if","locations":[{"start":{"line":375,"column":6},"end":{"line":375,"column":36}},{"start":{},"end":{}}]},"36":{"loc":{"start":{"line":388,"column":8},"end":{"line":388,"column":57}},"type":"if","locations":[{"start":{"line":388,"column":8},"end":{"line":388,"column":57}},{"start":{},"end":{}}]},"37":{"loc":{"start":{"line":389,"column":8},"end":{"line":389,"column":66}},"type":"if","locations":[{"start":{"line":389,"column":8},"end":{"line":389,"column":66}},{"start":{},"end":{}}]},"38":{"loc":{"start":{"line":390,"column":8},"end":{"line":390,"column":70}},"type":"if","locations":[{"start":{"line":390,"column":8},"end":{"line":390,"column":70}},{"start":{},"end":{}}]},"39":{"loc":{"start":{"line":402,"column":8},"end":{"line":402,"column":58}},"type":"if","locations":[{"start":{"line":402,"column":8},"end":{"line":402,"column":58}},{"start":{},"end":{}}]},"40":{"loc":{"start":{"line":403,"column":8},"end":{"line":403,"column":55}},"type":"if","locations":[{"start":{"line":403,"column":8},"end":{"line":403,"column":55}},{"start":{},"end":{}}]},"41":{"loc":{"start":{"line":404,"column":8},"end":{"line":404,"column":62}},"type":"if","locations":[{"start":{"line":404,"column":8},"end":{"line":404,"column":62}},{"start":{},"end":{}}]},"42":{"loc":{"start":{"line":428,"column":8},"end":{"line":428,"column":71}},"type":"if","locations":[{"start":{"line":428,"column":8},"end":{"line":428,"column":71}},{"start":{},"end":{}}]},"43":{"loc":{"start":{"line":429,"column":8},"end":{"line":429,"column":67}},"type":"if","locations":[{"start":{"line":429,"column":8},"end":{"line":429,"column":67}},{"start":{},"end":{}}]},"44":{"loc":{"start":{"line":430,"column":8},"end":{"line":430,"column":65}},"type":"if","locations":[{"start":{"line":430,"column":8},"end":{"line":430,"column":65}},{"start":{},"end":{}}]},"45":{"loc":{"start":{"line":530,"column":34},"end":{"line":530,"column":63}},"type":"binary-expr","locations":[{"start":{"line":530,"column":34},"end":{"line":530,"column":44}},{"start":{"line":530,"column":48},"end":{"line":530,"column":63}}]},"46":{"loc":{"start":{"line":531,"column":24},"end":{"line":533,"column":9}},"type":"cond-expr","locations":[{"start":{"line":532,"column":8},"end":{"line":532,"column":51}},{"start":{"line":533,"column":8},"end":{"line":533,"column":9}}]},"47":{"loc":{"start":{"line":551,"column":34},"end":{"line":551,"column":63}},"type":"binary-expr","locations":[{"start":{"line":551,"column":34},"end":{"line":551,"column":44}},{"start":{"line":551,"column":48},"end":{"line":551,"column":63}}]},"48":{"loc":{"start":{"line":554,"column":34},"end":{"line":554,"column":63}},"type":"binary-expr","locations":[{"start":{"line":554,"column":34},"end":{"line":554,"column":44}},{"start":{"line":554,"column":48},"end":{"line":554,"column":63}}]},"49":{"loc":{"start":{"line":562,"column":34},"end":{"line":562,"column":63}},"type":"binary-expr","locations":[{"start":{"line":562,"column":34},"end":{"line":562,"column":44}},{"start":{"line":562,"column":48},"end":{"line":562,"column":63}}]},"50":{"loc":{"start":{"line":566,"column":34},"end":{"line":566,"column":63}},"type":"binary-expr","locations":[{"start":{"line":566,"column":34},"end":{"line":566,"column":44}},{"start":{"line":566,"column":48},"end":{"line":566,"column":63}}]},"51":{"loc":{"start":{"line":593,"column":36},"end":{"line":593,"column":65}},"type":"binary-expr","locations":[{"start":{"line":593,"column":36},"end":{"line":593,"column":46}},{"start":{"line":593,"column":50},"end":{"line":593,"column":65}}]},"52":{"loc":{"start":{"line":597,"column":21},"end":{"line":597,"column":74}},"type":"cond-expr","locations":[{"start":{"line":597,"column":39},"end":{"line":597,"column":66}},{"start":{"line":597,"column":70},"end":{"line":597,"column":74}}]},"53":{"loc":{"start":{"line":597,"column":39},"end":{"line":597,"column":66}},"type":"binary-expr","locations":[{"start":{"line":597,"column":39},"end":{"line":597,"column":58}},{"start":{"line":597,"column":62},"end":{"line":597,"column":66}}]},"54":{"loc":{"start":{"line":667,"column":4},"end":{"line":669,"column":5}},"type":"if","locations":[{"start":{"line":667,"column":4},"end":{"line":669,"column":5}},{"start":{},"end":{}}]},"55":{"loc":{"start":{"line":682,"column":54},"end":{"line":682,"column":71}},"type":"binary-expr","locations":[{"start":{"line":682,"column":54},"end":{"line":682,"column":66}},{"start":{"line":682,"column":70},"end":{"line":682,"column":71}}]},"56":{"loc":{"start":{"line":690,"column":8},"end":{"line":692,"column":25}},"type":"binary-expr","locations":[{"start":{"line":690,"column":8},"end":{"line":690,"column":30}},{"start":{"line":691,"column":8},"end":{"line":691,"column":35}},{"start":{"line":692,"column":8},"end":{"line":692,"column":25}}]},"57":{"loc":{"start":{"line":696,"column":6},"end":{"line":699,"column":11}},"type":"cond-expr","locations":[{"start":{"line":697,"column":10},"end":{"line":698,"column":29}},{"start":{"line":699,"column":10},"end":{"line":699,"column":11}}]},"58":{"loc":{"start":{"line":703,"column":34},"end":{"line":703,"column":63}},"type":"binary-expr","locations":[{"start":{"line":703,"column":34},"end":{"line":703,"column":44}},{"start":{"line":703,"column":48},"end":{"line":703,"column":63}}]},"59":{"loc":{"start":{"line":706,"column":6},"end":{"line":708,"column":11}},"type":"cond-expr","locations":[{"start":{"line":707,"column":10},"end":{"line":707,"column":69}},{"start":{"line":708,"column":10},"end":{"line":708,"column":11}}]},"60":{"loc":{"start":{"line":713,"column":25},"end":{"line":713,"column":45}},"type":"binary-expr","locations":[{"start":{"line":713,"column":25},"end":{"line":713,"column":40}},{"start":{"line":713,"column":44},"end":{"line":713,"column":45}}]},"61":{"loc":{"start":{"line":717,"column":25},"end":{"line":717,"column":47}},"type":"binary-expr","locations":[{"start":{"line":717,"column":25},"end":{"line":717,"column":42}},{"start":{"line":717,"column":46},"end":{"line":717,"column":47}}]},"62":{"loc":{"start":{"line":721,"column":25},"end":{"line":721,"column":47}},"type":"binary-expr","locations":[{"start":{"line":721,"column":25},"end":{"line":721,"column":42}},{"start":{"line":721,"column":46},"end":{"line":721,"column":47}}]},"63":{"loc":{"start":{"line":63,"column":39},"end":{"line":63,"column":55}},"type":"cond-expr","locations":[{"start":{"line":63,"column":52},"end":{"line":63,"column":55}},{"start":{"line":63,"column":52},"end":{"line":63,"column":55}}]},"64":{"loc":{"start":{"line":63,"column":39},"end":{"line":63,"column":52}},"type":"binary-expr","locations":[{"start":{"line":63,"column":39},"end":{"line":63,"column":55}},{"start":{"line":63,"column":39},"end":{"line":63,"column":52}}]},"65":{"loc":{"start":{"line":753,"column":2},"end":{"line":753,"column":40}},"type":"if","locations":[{"start":{"line":753,"column":2},"end":{"line":753,"column":40}},{"start":{},"end":{}}]}},"s":{"0":5,"1":5,"2":5,"3":5,"4":7,"5":7,"6":0,"7":7,"8":7,"9":1,"10":6,"11":2,"12":2,"13":2,"14":5,"15":19,"16":6,"17":6,"18":6,"19":2,"20":4,"21":4,"22":4,"23":4,"24":4,"25":4,"26":2,"27":4,"28":2,"29":4,"30":2,"31":4,"32":2,"33":4,"34":4,"35":2,"36":2,"37":2,"38":2,"39":2,"40":2,"41":2,"42":2,"43":2,"44":2,"45":2,"46":4,"47":2,"48":2,"49":4,"50":0,"51":0,"52":4,"53":0,"54":0,"55":0,"56":0,"57":0,"58":0,"59":0,"60":0,"61":0,"62":0,"63":0,"64":4,"65":0,"66":0,"67":4,"68":0,"69":0,"70":4,"71":4,"72":11,"73":11,"74":11,"75":11,"76":11,"77":11,"78":327,"79":327,"80":327,"81":18,"82":309,"83":309,"84":309,"85":11,"86":6,"87":6,"88":6,"89":12,"90":6,"91":12,"92":3,"93":12,"94":3,"95":6,"96":11,"97":3,"98":3,"99":3,"100":9,"101":3,"102":9,"103":3,"104":9,"105":3,"106":3,"107":11,"108":306,"109":306,"110":11,"111":3,"112":3,"113":11,"114":3,"115":3,"116":3,"117":9,"118":3,"119":9,"120":3,"121":9,"122":3,"123":3,"124":11,"125":3,"126":3,"127":11,"128":3,"129":3,"130":11,"131":298,"132":11,"133":11,"134":11,"135":4,"136":4,"137":4,"138":0,"139":4,"140":0,"141":0,"142":4,"143":0,"144":0,"145":4,"146":0,"147":0,"148":4,"149":0,"150":0,"151":4,"152":4,"153":0,"154":4,"155":0,"156":0,"157":4,"158":0,"159":0,"160":4,"161":0,"162":0,"163":4,"164":0,"165":0,"166":4,"167":0,"168":0,"169":4,"170":4,"171":4,"172":0,"173":0,"174":4,"175":0,"176":0,"177":0,"178":4,"179":4,"180":4,"181":0,"182":4,"183":0,"184":0,"185":4,"186":0,"187":0,"188":4,"189":0,"190":0,"191":4,"192":0,"193":0,"194":4,"195":4,"196":4,"197":4,"198":4,"199":3,"200":1,"201":3,"202":1,"203":2,"204":2,"205":2,"206":3,"207":2,"208":3,"209":3,"210":2,"211":3,"212":2,"213":2,"214":2,"215":3,"216":3,"217":2,"218":2,"219":2,"220":3,"221":2,"222":3,"223":2,"224":3,"225":2,"226":5,"227":5,"228":4,"229":4,"230":4,"231":4,"232":16,"233":16,"234":0,"235":0,"236":40,"237":0},"f":{"0":7,"1":2,"2":19,"3":6,"4":4,"5":11,"6":327,"7":298,"8":4,"9":0,"10":0,"11":0,"12":0,"13":0,"14":0,"15":0,"16":0,"17":0,"18":0,"19":0,"20":0,"21":0,"22":0,"23":0,"24":0,"25":0,"26":0,"27":0,"28":0,"29":0,"30":0,"31":0,"32":0,"33":0,"34":0,"35":0,"36":0,"37":0,"38":0,"39":0,"40":0,"41":0,"42":0,"43":4,"44":3,"45":3,"46":3,"47":3,"48":2,"49":3,"50":3,"51":2,"52":3,"53":3,"54":3,"55":4,"56":16,"57":0,"58":40,"59":0},"b":{"0":[0,7],"1":[7,7,7],"2":[1,6],"3":[7,6,6],"4":[4,2],"5":[6,2,2,2,2,2,2],"6":[2,4],"7":[4,0],"8":[2,2],"9":[2,2],"10":[2,2],"11":[2,2],"12":[2,2],"13":[2,0],"14":[2,0],"15":[2,0],"16":[2,0],"17":[2,0],"18":[2,2],"19":[2,0],"20":[2,0],"21":[0,4],"22":[0,0],"23":[0,0],"24":[0,4],"25":[0,0],"26":[0,0],"27":[0,0],"28":[0,0],"29":[0,4],"30":[0,0],"31":[0,4],"32":[0,0],"33":[0],"34":[0],"35":[18,309],"36":[6,6],"37":[3,9],"38":[3,9],"39":[3,6],"40":[3,6],"41":[3,6],"42":[3,6],"43":[3,6],"44":[3,6],"45":[0,0],"46":[0,4],"47":[0,0],"48":[0,0],"49":[0,0],"50":[0,0],"51":[0,0],"52":[0,4],"53":[0,0],"54":[1,2],"55":[3,0],"56":[3,3,3],"57":[1,1],"58":[3,2],"59":[1,1],"60":[3,0],"61":[3,0],"62":[3,0],"63":[5,0],"64":[5,5],"65":[16,0]}}
,"/Users/guljain/Desktop/Bright/src/utils/dateRange.util.ts": {"path":"/Users/guljain/Desktop/Bright/src/utils/dateRange.util.ts","statementMap":{"0":{"start":{"line":3,"column":0},"end":{"line":3,"column":16}},"1":{"start":{"line":23,"column":0},"end":{"line":23,"column":16}},"2":{"start":{"line":1,"column":0},"end":{"line":1,"column":53}},"3":{"start":{"line":4,"column":25},"end":{"line":4,"column":63}},"4":{"start":{"line":4,"column":53},"end":{"line":4,"column":62}},"5":{"start":{"line":5,"column":12},"end":{"line":5,"column":60}},"6":{"start":{"line":7,"column":2},"end":{"line":14,"column":3}},"7":{"start":{"line":13,"column":4},"end":{"line":13,"column":76}},"8":{"start":{"line":16,"column":2},"end":{"line":16,"column":11}},"9":{"start":{"line":27,"column":20},"end":{"line":27,"column":40}},"10":{"start":{"line":28,"column":18},"end":{"line":28,"column":36}},"11":{"start":{"line":30,"column":23},"end":{"line":30,"column":40}},"12":{"start":{"line":31,"column":2},"end":{"line":31,"column":57}},"13":{"start":{"line":33,"column":2},"end":{"line":35,"column":3}},"14":{"start":{"line":34,"column":4},"end":{"line":34,"column":68}},"15":{"start":{"line":37,"column":2},"end":{"line":37,"column":46}}},"fnMap":{"0":{"name":"parseDDMMYYYY","decl":{"start":{"line":3,"column":16},"end":{"line":3,"column":29}},"loc":{"start":{"line":3,"column":43},"end":{"line":17,"column":1}}},"1":{"name":"(anonymous_1)","decl":{"start":{"line":4,"column":46},"end":{"line":4,"column":47}},"loc":{"start":{"line":4,"column":53},"end":{"line":4,"column":62}}},"2":{"name":"buildUtcDateRange","decl":{"start":{"line":23,"column":16},"end":{"line":23,"column":33}},"loc":{"start":{"line":25,"column":13},"end":{"line":38,"column":1}}}},"branchMap":{"0":{"loc":{"start":{"line":7,"column":2},"end":{"line":14,"column":3}},"type":"if","locations":[{"start":{"line":7,"column":2},"end":{"line":14,"column":3}},{"start":{},"end":{}}]},"1":{"loc":{"start":{"line":8,"column":4},"end":{"line":11,"column":25}},"type":"binary-expr","locations":[{"start":{"line":8,"column":4},"end":{"line":8,"column":29}},{"start":{"line":9,"column":4},"end":{"line":9,"column":31}},{"start":{"line":10,"column":4},"end":{"line":10,"column":30}},{"start":{"line":11,"column":4},"end":{"line":11,"column":25}}]},"2":{"loc":{"start":{"line":33,"column":2},"end":{"line":35,"column":3}},"type":"if","locations":[{"start":{"line":33,"column":2},"end":{"line":35,"column":3}},{"start":{},"end":{}}]}},"s":{"0":5,"1":5,"2":5,"3":22,"4":66,"5":22,"6":22,"7":0,"8":22,"9":11,"10":11,"11":11,"12":11,"13":11,"14":0,"15":11},"f":{"0":22,"1":66,"2":11},"b":{"0":[0,22],"1":[22,22,22,22],"2":[0,11]}}
}
