TN:
SF:src/controllers/app.controller.ts
FN:12,(anonymous_2)
FN:26,(anonymous_3)
FNF:2
FNH:2
FNDA:2,(anonymous_2)
FNDA:1,(anonymous_3)
DA:2,1
DA:3,1
DA:4,1
DA:11,1
DA:12,2
DA:26,1
DA:27,1
LF:7
LH:7
BRDA:12,0,0,1
BRDA:12,0,1,0
BRDA:12,1,0,1
BRDA:12,1,1,1
BRF:4
BRH:3
end_of_record
TN:
SF:src/controllers/auth/auth.controller.ts
FN:15,(anonymous_4)
FN:32,(anonymous_5)
FN:52,(anonymous_6)
FNF:3
FNH:3
FNDA:3,(anonymous_4)
FNDA:1,(anonymous_5)
FNDA:2,(anonymous_6)
DA:2,1
DA:3,1
DA:4,1
DA:5,1
DA:6,1
DA:14,1
DA:15,3
DA:32,1
DA:33,1
DA:52,1
DA:53,2
LF:11
LH:11
BRDA:32,0,0,1
BRDA:32,0,1,0
BRDA:32,1,0,1
BRDA:32,1,1,1
BRDA:52,2,0,1
BRDA:52,2,1,0
BRDA:52,3,0,1
BRDA:52,3,1,1
BRDA:15,4,0,1
BRDA:15,4,1,0
BRDA:15,5,0,1
BRDA:15,5,1,1
BRF:12
BRH:9
end_of_record
TN:
SF:src/controllers/user/userDataIngestion.controller.ts
FN:24,(anonymous_5)
FN:32,(anonymous_6)
FN:53,(anonymous_7)
FN:79,(anonymous_8)
FNF:4
FNH:3
FNDA:5,(anonymous_5)
FNDA:2,(anonymous_6)
FNDA:3,(anonymous_7)
FNDA:0,(anonymous_8)
DA:1,2
DA:12,2
DA:13,2
DA:15,2
DA:16,2
DA:17,2
DA:18,2
DA:19,2
DA:23,2
DA:25,5
DA:32,2
DA:37,2
DA:38,2
DA:39,1
DA:44,1
DA:53,2
DA:58,3
DA:59,3
DA:60,1
DA:65,2
DA:79,2
DA:84,0
DA:85,0
DA:86,0
DA:91,0
LF:25
LH:21
BRDA:38,0,0,1
BRDA:38,0,1,1
BRDA:38,1,0,2
BRDA:38,1,1,2
BRDA:59,2,0,1
BRDA:59,2,1,2
BRDA:59,3,0,3
BRDA:59,3,1,3
BRDA:85,4,0,0
BRDA:85,4,1,0
BRDA:85,5,0,0
BRDA:85,5,1,0
BRDA:34,6,0,2
BRDA:34,6,1,0
BRDA:34,7,0,2
BRDA:34,7,1,2
BRDA:34,8,0,0
BRDA:34,8,1,2
BRDA:34,9,0,2
BRDA:34,9,1,2
BRDA:55,10,0,2
BRDA:55,10,1,0
BRDA:55,11,0,2
BRDA:55,11,1,2
BRDA:55,12,0,0
BRDA:55,12,1,2
BRDA:55,13,0,2
BRDA:55,13,1,2
BRDA:81,14,0,2
BRDA:81,14,1,0
BRDA:81,15,0,2
BRDA:81,15,1,2
BRDA:81,16,0,2
BRDA:81,16,1,0
BRDA:81,17,0,2
BRDA:81,17,1,2
BRDA:25,18,0,2
BRDA:25,18,1,0
BRDA:25,19,0,2
BRDA:25,19,1,2
BRF:40
BRH:29
end_of_record
TN:
SF:src/services/app.service.ts
FN:5,(anonymous_1)
FNF:1
FNH:1
FNDA:1,(anonymous_1)
DA:1,1
DA:4,1
DA:6,1
LF:3
LH:3
BRF:0
BRH:0
end_of_record
TN:
SF:src/services/auth/auth.service.ts
FN:16,(anonymous_11)
FN:35,(anonymous_12)
FN:81,(anonymous_13)
FN:122,(anonymous_14)
FNF:4
FNH:4
FNDA:7,(anonymous_11)
FNDA:2,(anonymous_12)
FNDA:3,(anonymous_13)
FNDA:2,(anonymous_14)
DA:1,2
DA:6,2
DA:7,2
DA:8,2
DA:15,2
DA:17,7
DA:18,7
DA:37,2
DA:41,2
DA:42,1
DA:46,1
DA:49,1
DA:57,1
DA:59,1
DA:83,3
DA:87,3
DA:88,1
DA:92,2
DA:94,2
DA:95,1
DA:99,1
DA:101,1
DA:123,2
DA:124,2
DA:125,1
DA:127,1
LF:26
LH:26
BRDA:41,0,0,1
BRDA:41,0,1,1
BRDA:87,1,0,1
BRDA:87,1,1,2
BRDA:94,2,0,1
BRDA:94,2,1,1
BRDA:17,3,0,2
BRDA:17,3,1,0
BRDA:17,4,0,2
BRDA:17,4,1,2
BRDA:17,5,0,2
BRDA:17,5,1,0
BRDA:17,6,0,2
BRDA:17,6,1,2
BRF:14
BRH:12
end_of_record
TN:
SF:src/services/auth/jwt.guard.ts
FNF:0
FNH:0
DA:1,2
DA:2,2
DA:5,2
LF:3
LH:3
BRF:0
BRH:0
end_of_record
TN:
SF:src/services/prisma/prisma.service.ts
FN:9,(anonymous_1)
FN:13,(anonymous_2)
FNF:2
FNH:0
FNDA:0,(anonymous_1)
FNDA:0,(anonymous_2)
DA:1,7
DA:2,7
DA:5,7
DA:10,0
DA:14,0
LF:5
LH:3
BRF:0
BRH:0
end_of_record
TN:
SF:src/services/user/userDataIngestion.service.ts
FN:12,parseDDMMYYYY
FN:28,addDaysUTC
FN:63,(anonymous_4)
FN:77,(anonymous_5)
FN:95,(anonymous_6)
FN:324,(anonymous_7)
FN:372,(anonymous_8)
FN:449,(anonymous_9)
FN:471,(anonymous_10)
FN:510,(anonymous_11)
FN:513,(anonymous_12)
FN:514,(anonymous_13)
FN:518,(anonymous_14)
FN:519,(anonymous_15)
FN:523,(anonymous_16)
FN:524,(anonymous_17)
FN:529,(anonymous_18)
FN:530,(anonymous_19)
FN:535,(anonymous_20)
FN:537,(anonymous_21)
FN:537,(anonymous_22)
FN:540,(anonymous_23)
FN:540,(anonymous_24)
FN:544,(anonymous_25)
FN:545,(anonymous_26)
FN:550,(anonymous_27)
FN:551,(anonymous_28)
FN:553,(anonymous_29)
FN:554,(anonymous_30)
FN:561,(anonymous_31)
FN:562,(anonymous_32)
FN:564,(anonymous_33)
FN:565,(anonymous_34)
FN:566,(anonymous_35)
FN:572,(anonymous_36)
FN:575,(anonymous_37)
FN:576,(anonymous_38)
FN:580,(anonymous_39)
FN:581,(anonymous_40)
FN:585,(anonymous_41)
FN:586,(anonymous_42)
FN:592,(anonymous_43)
FN:593,(anonymous_44)
FN:656,(anonymous_45)
FN:682,(anonymous_46)
FN:686,(anonymous_47)
FN:687,(anonymous_48)
FN:689,(anonymous_49)
FN:697,(anonymous_50)
FN:702,(anonymous_51)
FN:703,(anonymous_52)
FN:707,(anonymous_53)
FN:713,(anonymous_54)
FN:717,(anonymous_55)
FN:721,(anonymous_56)
FN:743,dayBoundsUTC
FN:752,avg
FN:754,(anonymous_59)
FN:757,sum
FN:758,(anonymous_61)
FNF:60
FNH:24
FNDA:7,parseDDMMYYYY
FNDA:2,addDaysUTC
FNDA:19,(anonymous_4)
FNDA:6,(anonymous_5)
FNDA:4,(anonymous_6)
FNDA:11,(anonymous_7)
FNDA:327,(anonymous_8)
FNDA:298,(anonymous_9)
FNDA:4,(anonymous_10)
FNDA:0,(anonymous_11)
FNDA:0,(anonymous_12)
FNDA:0,(anonymous_13)
FNDA:0,(anonymous_14)
FNDA:0,(anonymous_15)
FNDA:0,(anonymous_16)
FNDA:0,(anonymous_17)
FNDA:0,(anonymous_18)
FNDA:0,(anonymous_19)
FNDA:0,(anonymous_20)
FNDA:0,(anonymous_21)
FNDA:0,(anonymous_22)
FNDA:0,(anonymous_23)
FNDA:0,(anonymous_24)
FNDA:0,(anonymous_25)
FNDA:0,(anonymous_26)
FNDA:0,(anonymous_27)
FNDA:0,(anonymous_28)
FNDA:0,(anonymous_29)
FNDA:0,(anonymous_30)
FNDA:0,(anonymous_31)
FNDA:0,(anonymous_32)
FNDA:0,(anonymous_33)
FNDA:0,(anonymous_34)
FNDA:0,(anonymous_35)
FNDA:0,(anonymous_36)
FNDA:0,(anonymous_37)
FNDA:0,(anonymous_38)
FNDA:0,(anonymous_39)
FNDA:0,(anonymous_40)
FNDA:0,(anonymous_41)
FNDA:0,(anonymous_42)
FNDA:0,(anonymous_43)
FNDA:0,(anonymous_44)
FNDA:4,(anonymous_45)
FNDA:3,(anonymous_46)
FNDA:3,(anonymous_47)
FNDA:3,(anonymous_48)
FNDA:3,(anonymous_49)
FNDA:2,(anonymous_50)
FNDA:3,(anonymous_51)
FNDA:3,(anonymous_52)
FNDA:2,(anonymous_53)
FNDA:3,(anonymous_54)
FNDA:3,(anonymous_55)
FNDA:3,(anonymous_56)
FNDA:4,dayBoundsUTC
FNDA:16,avg
FNDA:0,(anonymous_59)
FNDA:40,sum
FNDA:0,(anonymous_61)
DA:1,5
DA:2,5
DA:4,5
DA:5,5
DA:14,7
DA:15,7
DA:16,7
DA:18,7
DA:23,1
DA:25,6
DA:29,2
DA:30,2
DA:31,2
DA:62,5
DA:63,19
DA:78,6
DA:81,6
DA:89,6
DA:90,2
DA:95,4
DA:96,4
DA:103,4
DA:104,4
DA:112,4
DA:114,4
DA:115,2
DA:122,4
DA:123,2
DA:130,4
DA:131,2
DA:138,4
DA:139,2
DA:142,4
DA:150,4
DA:151,2
DA:163,2
DA:165,2
DA:166,2
DA:173,2
DA:174,2
DA:181,2
DA:182,2
DA:189,2
DA:190,2
DA:193,2
DA:200,4
DA:201,2
DA:210,2
DA:217,4
DA:218,0
DA:227,0
DA:234,4
DA:235,0
DA:243,0
DA:245,0
DA:246,0
DA:253,0
DA:254,0
DA:261,0
DA:262,0
DA:269,0
DA:270,0
DA:273,0
DA:280,4
DA:281,0
DA:289,0
DA:296,4
DA:297,0
DA:305,0
DA:309,4
DA:311,4
DA:331,11
DA:332,11
DA:333,11
DA:336,11
DA:370,11
DA:372,11
DA:373,327
DA:374,327
DA:375,327
DA:377,309
DA:378,309
DA:379,309
DA:383,11
DA:384,6
DA:385,6
DA:387,6
DA:388,12
DA:389,12
DA:390,12
DA:393,6
DA:397,11
DA:398,3
DA:399,3
DA:401,3
DA:402,9
DA:403,9
DA:404,9
DA:407,3
DA:411,11
DA:412,306
DA:413,306
DA:417,11
DA:418,3
DA:419,3
DA:423,11
DA:424,3
DA:425,3
DA:427,3
DA:428,9
DA:429,9
DA:430,9
DA:433,3
DA:437,11
DA:438,3
DA:439,3
DA:443,11
DA:444,3
DA:445,3
DA:448,11
DA:450,298
DA:453,11
DA:454,11
DA:456,11
DA:476,4
DA:480,4
DA:510,4
DA:511,4
DA:513,0
DA:514,0
DA:516,4
DA:518,0
DA:519,0
DA:521,4
DA:523,0
DA:524,0
DA:528,4
DA:529,0
DA:530,0
DA:531,4
DA:535,4
DA:536,4
DA:537,0
DA:539,4
DA:540,0
DA:542,4
DA:544,0
DA:545,0
DA:549,4
DA:550,0
DA:551,0
DA:552,4
DA:553,0
DA:554,0
DA:556,4
DA:557,4
DA:560,4
DA:561,0
DA:562,0
DA:563,4
DA:564,0
DA:565,0
DA:566,0
DA:568,4
DA:569,4
DA:572,4
DA:573,4
DA:575,0
DA:576,0
DA:578,4
DA:580,0
DA:581,0
DA:583,4
DA:585,0
DA:586,0
DA:590,4
DA:592,0
DA:593,0
DA:597,4
DA:600,4
DA:603,4
DA:660,4
DA:661,4
DA:662,3
DA:664,1
DA:667,3
DA:668,1
DA:672,2
DA:674,2
DA:682,3
DA:685,2
DA:686,3
DA:687,3
DA:688,2
DA:690,3
DA:696,2
DA:697,2
DA:701,2
DA:702,3
DA:703,3
DA:706,2
DA:707,2
DA:712,2
DA:713,3
DA:716,2
DA:717,3
DA:720,2
DA:721,3
DA:725,2
DA:744,4
DA:747,4
DA:748,4
DA:749,4
DA:753,16
DA:754,0
DA:758,40
LF:216
LH:169
BRDA:15,0,0,0
BRDA:15,0,1,7
BRDA:15,1,0,7
BRDA:15,1,1,7
BRDA:15,1,2,7
BRDA:18,2,0,1
BRDA:18,2,1,6
BRDA:19,3,0,7
BRDA:19,3,1,6
BRDA:19,3,2,6
BRDA:78,4,0,4
BRDA:78,4,1,2
BRDA:81,5,0,6
BRDA:81,5,1,2
BRDA:81,5,2,2
BRDA:81,5,3,2
BRDA:81,5,4,2
BRDA:81,5,5,2
BRDA:81,5,6,2
BRDA:89,6,0,2
BRDA:89,6,1,4
BRDA:103,7,0,4
BRDA:103,7,1,0
BRDA:114,8,0,2
BRDA:114,8,1,2
BRDA:122,9,0,2
BRDA:122,9,1,2
BRDA:130,10,0,2
BRDA:130,10,1,2
BRDA:138,11,0,2
BRDA:138,11,1,2
BRDA:150,12,0,2
BRDA:150,12,1,2
BRDA:155,13,0,2
BRDA:155,13,1,0
BRDA:165,14,0,2
BRDA:165,14,1,0
BRDA:173,15,0,2
BRDA:173,15,1,0
BRDA:181,16,0,2
BRDA:181,16,1,0
BRDA:189,17,0,2
BRDA:189,17,1,0
BRDA:200,18,0,2
BRDA:200,18,1,2
BRDA:205,19,0,2
BRDA:205,19,1,0
BRDA:206,20,0,2
BRDA:206,20,1,0
BRDA:217,21,0,0
BRDA:217,21,1,4
BRDA:222,22,0,0
BRDA:222,22,1,0
BRDA:223,23,0,0
BRDA:223,23,1,0
BRDA:234,24,0,0
BRDA:234,24,1,4
BRDA:245,25,0,0
BRDA:245,25,1,0
BRDA:253,26,0,0
BRDA:253,26,1,0
BRDA:261,27,0,0
BRDA:261,27,1,0
BRDA:269,28,0,0
BRDA:269,28,1,0
BRDA:280,29,0,0
BRDA:280,29,1,4
BRDA:285,30,0,0
BRDA:285,30,1,0
BRDA:296,31,0,0
BRDA:296,31,1,4
BRDA:301,32,0,0
BRDA:301,32,1,0
BRDA:328,33,0,0
BRDA:329,34,0,0
BRDA:375,35,0,18
BRDA:375,35,1,309
BRDA:388,36,0,6
BRDA:388,36,1,6
BRDA:389,37,0,3
BRDA:389,37,1,9
BRDA:390,38,0,3
BRDA:390,38,1,9
BRDA:402,39,0,3
BRDA:402,39,1,6
BRDA:403,40,0,3
BRDA:403,40,1,6
BRDA:404,41,0,3
BRDA:404,41,1,6
BRDA:428,42,0,3
BRDA:428,42,1,6
BRDA:429,43,0,3
BRDA:429,43,1,6
BRDA:430,44,0,3
BRDA:430,44,1,6
BRDA:530,45,0,0
BRDA:530,45,1,0
BRDA:531,46,0,0
BRDA:531,46,1,4
BRDA:551,47,0,0
BRDA:551,47,1,0
BRDA:554,48,0,0
BRDA:554,48,1,0
BRDA:562,49,0,0
BRDA:562,49,1,0
BRDA:566,50,0,0
BRDA:566,50,1,0
BRDA:593,51,0,0
BRDA:593,51,1,0
BRDA:597,52,0,0
BRDA:597,52,1,4
BRDA:597,53,0,0
BRDA:597,53,1,0
BRDA:667,54,0,1
BRDA:667,54,1,2
BRDA:682,55,0,3
BRDA:682,55,1,0
BRDA:690,56,0,3
BRDA:690,56,1,3
BRDA:690,56,2,3
BRDA:696,57,0,1
BRDA:696,57,1,1
BRDA:703,58,0,3
BRDA:703,58,1,2
BRDA:706,59,0,1
BRDA:706,59,1,1
BRDA:713,60,0,3
BRDA:713,60,1,0
BRDA:717,61,0,3
BRDA:717,61,1,0
BRDA:721,62,0,3
BRDA:721,62,1,0
BRDA:63,63,0,5
BRDA:63,63,1,0
BRDA:63,64,0,5
BRDA:63,64,1,5
BRDA:753,65,0,16
BRDA:753,65,1,0
BRF:138
BRH:85
end_of_record
TN:
SF:src/utils/dateRange.util.ts
FN:3,parseDDMMYYYY
FN:4,(anonymous_1)
FN:23,buildUtcDateRange
FNF:3
FNH:3
FNDA:22,parseDDMMYYYY
FNDA:66,(anonymous_1)
FNDA:11,buildUtcDateRange
DA:1,5
DA:3,5
DA:4,66
DA:5,22
DA:7,22
DA:13,0
DA:16,22
DA:23,5
DA:27,11
DA:28,11
DA:30,11
DA:31,11
DA:33,11
DA:34,0
DA:37,11
LF:15
LH:13
BRDA:7,0,0,0
BRDA:7,0,1,22
BRDA:8,1,0,22
BRDA:8,1,1,22
BRDA:8,1,2,22
BRDA:8,1,3,22
BRDA:33,2,0,0
BRDA:33,2,1,11
BRF:8
BRH:6
end_of_record
