TN:
SF:src/main.ts
FN:6,bootstrap
FNF:1
FNH:0
FNDA:0,bootstrap
DA:1,0
DA:2,0
DA:3,0
DA:5,0
DA:7,0
DA:9,0
DA:17,0
DA:24,0
DA:25,0
DA:27,0
DA:29,0
LF:11
LH:0
BRDA:27,0,0,0
BRDA:27,0,1,0
BRF:2
BRH:0
end_of_record
TN:
SF:src/controllers/app.controller.ts
FN:6,(anonymous_2)
FN:9,(anonymous_3)
FNF:2
FNH:2
FNDA:2,(anonymous_2)
FNDA:1,(anonymous_3)
DA:1,1
DA:2,1
DA:5,1
DA:6,2
DA:9,1
DA:10,1
LF:6
LH:6
BRDA:6,0,0,1
BRDA:6,0,1,0
BRDA:6,1,0,1
BRDA:6,1,1,1
BRF:4
BRH:3
end_of_record
TN:
SF:src/controllers/auth/auth.controller.ts
FN:10,(anonymous_4)
FN:14,(anonymous_5)
FN:21,(anonymous_6)
FNF:3
FNH:3
FNDA:3,(anonymous_4)
FNDA:1,(anonymous_5)
FNDA:2,(anonymous_6)
DA:1,1
DA:2,1
DA:3,1
DA:4,1
DA:5,1
DA:9,1
DA:10,3
DA:14,1
DA:15,1
DA:21,1
DA:22,2
LF:11
LH:11
BRDA:14,0,0,1
BRDA:14,0,1,0
BRDA:14,1,0,1
BRDA:14,1,1,1
BRDA:21,2,0,1
BRDA:21,2,1,0
BRDA:21,3,0,1
BRDA:21,3,1,1
BRDA:10,4,0,1
BRDA:10,4,1,0
BRDA:10,5,0,1
BRDA:10,5,1,1
BRF:12
BRH:9
end_of_record
TN:
SF:src/controllers/user/userDataIngestion.controller.ts
FN:12,(anonymous_5)
FN:18,(anonymous_6)
FNF:2
FNH:2
FNDA:2,(anonymous_5)
FNDA:2,(anonymous_6)
DA:1,1
DA:2,1
DA:3,1
DA:5,1
DA:6,1
DA:7,1
DA:11,1
DA:12,2
DA:18,1
DA:23,2
DA:24,2
DA:25,1
DA:28,1
LF:13
LH:13
BRDA:24,0,0,1
BRDA:24,0,1,1
BRDA:24,1,0,2
BRDA:24,1,1,2
BRDA:20,2,0,1
BRDA:20,2,1,0
BRDA:20,3,0,1
BRDA:20,3,1,1
BRDA:20,4,0,0
BRDA:20,4,1,1
BRDA:20,5,0,1
BRDA:20,5,1,1
BRDA:12,6,0,1
BRDA:12,6,1,0
BRDA:12,7,0,1
BRDA:12,7,1,1
BRF:16
BRH:13
end_of_record
TN:
SF:src/dtos/auth/login.dto.ts
FNF:0
FNH:0
DA:1,1
DA:2,1
DA:4,1
DA:11,1
DA:19,1
LF:5
LH:5
BRF:0
BRH:0
end_of_record
TN:
SF:src/dtos/auth/register.dto.ts
FNF:0
FNH:0
DA:1,1
DA:2,1
DA:4,1
DA:11,1
DA:21,1
LF:5
LH:5
BRF:0
BRH:0
end_of_record
TN:
SF:src/dtos/user/userDataIngestion.dto.ts
FN:59,(anonymous_2)
FN:65,(anonymous_3)
FN:71,(anonymous_4)
FN:77,(anonymous_5)
FN:83,(anonymous_6)
FN:89,(anonymous_7)
FN:95,(anonymous_8)
FNF:7
FNH:0
FNDA:0,(anonymous_2)
FNDA:0,(anonymous_3)
FNDA:0,(anonymous_4)
FNDA:0,(anonymous_5)
FNDA:0,(anonymous_6)
FNDA:0,(anonymous_7)
FNDA:0,(anonymous_8)
DA:1,1
DA:2,1
DA:11,1
DA:14,1
DA:15,1
DA:16,1
DA:20,1
DA:21,1
DA:22,1
DA:23,1
DA:27,1
DA:28,1
DA:32,1
DA:33,1
DA:37,1
DA:38,1
DA:39,1
DA:43,1
DA:47,1
DA:50,1
DA:54,1
DA:59,0
DA:60,1
DA:65,0
DA:66,1
DA:71,0
DA:72,1
DA:77,0
DA:78,1
DA:83,0
DA:84,1
DA:89,0
DA:90,1
DA:95,0
DA:96,1
LF:35
LH:28
BRF:0
BRH:0
end_of_record
TN:
SF:src/modules/app.module.ts
FNF:0
FNH:0
DA:1,0
DA:2,0
DA:3,0
DA:4,0
DA:6,0
DA:7,0
DA:8,0
DA:27,0
LF:8
LH:0
BRF:0
BRH:0
end_of_record
TN:
SF:src/modules/auth/auth.module.ts
FN:17,(anonymous_1)
FNF:1
FNH:0
FNDA:0,(anonymous_1)
DA:1,0
DA:2,0
DA:3,0
DA:4,0
DA:5,0
DA:6,0
DA:7,0
DA:8,0
DA:9,0
DA:17,0
DA:27,0
LF:11
LH:0
BRDA:18,0,0,0
BRDA:18,0,1,0
BRF:2
BRH:0
end_of_record
TN:
SF:src/modules/prisma/prisma.module.ts
FNF:0
FNH:0
DA:1,0
DA:2,0
DA:8,0
LF:3
LH:0
BRF:0
BRH:0
end_of_record
TN:
SF:src/modules/user/userDataIngestion.module.ts
FNF:0
FNH:0
DA:1,0
DA:2,0
DA:3,0
DA:4,0
DA:11,0
LF:5
LH:0
BRF:0
BRH:0
end_of_record
TN:
SF:src/services/app.service.ts
FN:5,(anonymous_1)
FNF:1
FNH:1
FNDA:1,(anonymous_1)
DA:1,1
DA:4,1
DA:6,1
LF:3
LH:3
BRF:0
BRH:0
end_of_record
TN:
SF:src/services/auth/auth.service.ts
FN:12,(anonymous_11)
FN:31,(anonymous_12)
FN:77,(anonymous_13)
FN:118,(anonymous_14)
FNF:4
FNH:4
FNDA:7,(anonymous_11)
FNDA:2,(anonymous_12)
FNDA:3,(anonymous_13)
FNDA:2,(anonymous_14)
DA:1,2
DA:2,2
DA:3,2
DA:4,2
DA:11,2
DA:13,7
DA:14,7
DA:33,2
DA:37,2
DA:38,1
DA:42,1
DA:45,1
DA:53,1
DA:55,1
DA:79,3
DA:83,3
DA:84,1
DA:88,2
DA:90,2
DA:91,1
DA:95,1
DA:97,1
DA:119,2
DA:120,2
DA:121,1
DA:123,1
LF:26
LH:26
BRDA:37,0,0,1
BRDA:37,0,1,1
BRDA:83,1,0,1
BRDA:83,1,1,2
BRDA:90,2,0,1
BRDA:90,2,1,1
BRDA:13,3,0,2
BRDA:13,3,1,0
BRDA:13,4,0,2
BRDA:13,4,1,2
BRDA:13,5,0,2
BRDA:13,5,1,0
BRDA:13,6,0,2
BRDA:13,6,1,2
BRF:14
BRH:12
end_of_record
TN:
SF:src/services/auth/jwt.guard.ts
FNF:0
FNH:0
DA:1,1
DA:2,1
DA:5,1
LF:3
LH:3
BRF:0
BRH:0
end_of_record
TN:
SF:src/services/auth/jwt.strategy.ts
FN:8,(anonymous_2)
FN:16,(anonymous_3)
FNF:2
FNH:0
FNDA:0,(anonymous_2)
FNDA:0,(anonymous_3)
DA:1,0
DA:2,0
DA:3,0
DA:4,0
DA:7,0
DA:9,0
DA:17,0
LF:7
LH:0
BRDA:12,0,0,0
BRDA:12,0,1,0
BRDA:8,1,0,0
BRDA:8,1,1,0
BRDA:8,2,0,0
BRDA:8,2,1,0
BRF:6
BRH:0
end_of_record
TN:
SF:src/services/prisma/prisma.service.ts
FN:9,(anonymous_1)
FN:13,(anonymous_2)
FNF:2
FNH:0
FNDA:0,(anonymous_1)
FNDA:0,(anonymous_2)
DA:1,4
DA:2,4
DA:5,4
DA:10,0
DA:14,0
LF:5
LH:3
BRF:0
BRH:0
end_of_record
TN:
SF:src/services/user/userDataIngestion.service.ts
FN:14,(anonymous_2)
FN:28,(anonymous_3)
FNF:2
FNH:2
FNDA:4,(anonymous_2)
FNDA:4,(anonymous_3)
DA:1,2
DA:2,2
DA:13,2
DA:14,4
DA:29,4
DA:32,4
DA:40,4
DA:41,1
DA:46,3
DA:53,3
DA:54,2
DA:62,2
DA:64,2
DA:65,1
DA:72,2
DA:73,1
DA:80,2
DA:81,1
DA:88,2
DA:89,1
DA:92,2
DA:100,3
DA:101,1
DA:113,1
DA:115,1
DA:116,1
DA:123,1
DA:124,1
DA:131,1
DA:132,1
DA:139,1
DA:140,1
DA:143,1
DA:150,3
DA:151,1
DA:160,1
DA:167,3
DA:168,2
DA:177,2
DA:184,3
DA:185,1
DA:193,1
DA:195,1
DA:196,1
DA:203,1
DA:204,1
DA:211,1
DA:212,1
DA:219,1
DA:220,1
DA:223,1
DA:230,3
DA:231,1
DA:239,1
DA:246,3
DA:247,1
DA:255,1
DA:258,3
LF:58
LH:58
BRDA:29,0,0,3
BRDA:29,0,1,1
BRDA:32,1,0,4
BRDA:32,1,1,2
BRDA:32,1,2,2
BRDA:32,1,3,2
BRDA:32,1,4,1
BRDA:32,1,5,1
BRDA:32,1,6,1
BRDA:40,2,0,1
BRDA:40,2,1,3
BRDA:53,3,0,2
BRDA:53,3,1,1
BRDA:64,4,0,1
BRDA:64,4,1,1
BRDA:72,5,0,1
BRDA:72,5,1,1
BRDA:80,6,0,1
BRDA:80,6,1,1
BRDA:88,7,0,1
BRDA:88,7,1,1
BRDA:100,8,0,1
BRDA:100,8,1,2
BRDA:105,9,0,1
BRDA:105,9,1,0
BRDA:115,10,0,1
BRDA:115,10,1,0
BRDA:123,11,0,1
BRDA:123,11,1,0
BRDA:131,12,0,1
BRDA:131,12,1,0
BRDA:139,13,0,1
BRDA:139,13,1,0
BRDA:150,14,0,1
BRDA:150,14,1,2
BRDA:155,15,0,1
BRDA:155,15,1,0
BRDA:156,16,0,1
BRDA:156,16,1,0
BRDA:167,17,0,2
BRDA:167,17,1,1
BRDA:172,18,0,2
BRDA:172,18,1,0
BRDA:173,19,0,2
BRDA:173,19,1,1
BRDA:184,20,0,1
BRDA:184,20,1,2
BRDA:195,21,0,1
BRDA:195,21,1,0
BRDA:203,22,0,1
BRDA:203,22,1,0
BRDA:211,23,0,1
BRDA:211,23,1,0
BRDA:219,24,0,1
BRDA:219,24,1,0
BRDA:230,25,0,1
BRDA:230,25,1,2
BRDA:235,26,0,1
BRDA:235,26,1,0
BRDA:246,27,0,1
BRDA:246,27,1,2
BRDA:251,28,0,1
BRDA:251,28,1,0
BRDA:14,29,0,2
BRDA:14,29,1,0
BRDA:14,30,0,2
BRDA:14,30,1,2
BRF:67
BRH:52
end_of_record
